2021-05-02 15:07:38,935 [Worker-3: Loading available Gradle versions] INFO  o.e.b.c.i.u.g.PublishedGradleVersions - Gradle version information cache is up-to-date. Trying to read.
2021-05-02 15:28:22,479 [Worker-20: Creating maven-archetype-quickstart] INFO  o.e.m.c.i.p.ProjectConfigurationManager - Collecting project info '/pom.xml' C:\Users\beatr\OneDrive\햞ea de Trabalho\MV\PROJETOMV\pom.xml
2021-05-02 15:28:25,354 [Worker-20: Creating maven-archetype-quickstart] INFO  o.e.m.c.i.l.LifecycleMappingFactory - Using org.eclipse.m2e.jdt.JarLifecycleMapping lifecycle mapping for MavenProject: PROJETOMV:PROJETOMV:0.0.1-SNAPSHOT @ C:\Users\beatr\OneDrive\햞ea de Trabalho\MV\PROJETOMV\pom.xml.
2021-05-02 15:28:26,607 [Worker-20: Creating maven-archetype-quickstart] INFO  o.e.m.j.i.AbstractJavaProjectConfigurator - Adding source folder /PROJETOMV/src/main/java
2021-05-02 15:28:26,618 [Worker-20: Creating maven-archetype-quickstart] INFO  o.e.m.j.i.AbstractJavaProjectConfigurator - Adding source folder /PROJETOMV/src/test/java
2021-05-02 15:28:26,783 [Worker-20: Creating maven-archetype-quickstart] INFO  o.e.m.c.i.p.ProjectConfigurationManager - Imported and configured 1 project(s) in 4 sec
2021-05-02 15:28:27,275 [Worker-19: Building workspace] INFO  o.e.m.c.i.embedder.EclipseLogger - Using 'UTF-8' encoding to copy filtered resources.
2021-05-02 15:28:27,276 [Worker-19: Building workspace] INFO  o.e.m.c.i.embedder.EclipseLogger - skip non existing resourceDirectory C:\Users\beatr\OneDrive\햞ea de Trabalho\MV\PROJETOMV\src\main\resources
2021-05-02 15:28:27,278 [Worker-19: Building workspace] INFO  o.e.m.c.i.embedder.EclipseLogger - Using 'UTF-8' encoding to copy filtered resources.
2021-05-02 15:28:27,279 [Worker-19: Building workspace] INFO  o.e.m.c.i.embedder.EclipseLogger - skip non existing resourceDirectory C:\Users\beatr\OneDrive\햞ea de Trabalho\MV\PROJETOMV\src\test\resources
2021-05-02 15:30:11,442 [Worker-20: Building workspace] ERROR o.e.m.c.i.p.r.ProjectRegistryManager - Could not read pom.xml
org.eclipse.core.runtime.CoreException: Could not read pom.xml
	at org.eclipse.m2e.core.internal.embedder.MavenImpl.readModel(MavenImpl.java:559) ~[org.eclipse.m2e.core_1.11.0.20190220-2119.jar:na]
	at org.eclipse.m2e.core.internal.embedder.MavenImpl.readModel(MavenImpl.java:568) ~[org.eclipse.m2e.core_1.11.0.20190220-2119.jar:na]
	at org.eclipse.m2e.core.internal.project.registry.ProjectRegistryManager.refreshPhase2(ProjectRegistryManager.java:537) [org.eclipse.m2e.core_1.11.0.20190220-2119.jar:na]
	at org.eclipse.m2e.core.internal.project.registry.ProjectRegistryManager.refresh(ProjectRegistryManager.java:493) [org.eclipse.m2e.core_1.11.0.20190220-2119.jar:na]
	at org.eclipse.m2e.core.internal.project.registry.ProjectRegistryManager.refresh(ProjectRegistryManager.java:349) [org.eclipse.m2e.core_1.11.0.20190220-2119.jar:na]
	at org.eclipse.m2e.core.internal.project.registry.ProjectRegistryManager.refresh(ProjectRegistryManager.java:296) [org.eclipse.m2e.core_1.11.0.20190220-2119.jar:na]
	at org.eclipse.m2e.core.internal.builder.MavenBuilder$BuildMethod.getProjectFacade(MavenBuilder.java:155) [org.eclipse.m2e.core_1.11.0.20190220-2119.jar:na]
	at org.eclipse.m2e.core.internal.builder.MavenBuilder$BuildMethod$1.call(MavenBuilder.java:90) [org.eclipse.m2e.core_1.11.0.20190220-2119.jar:na]
	at org.eclipse.m2e.core.internal.embedder.MavenExecutionContext.executeBare(MavenExecutionContext.java:177) [org.eclipse.m2e.core_1.11.0.20190220-2119.jar:na]
	at org.eclipse.m2e.core.internal.embedder.MavenExecutionContext.execute(MavenExecutionContext.java:151) [org.eclipse.m2e.core_1.11.0.20190220-2119.jar:na]
	at org.eclipse.m2e.core.internal.embedder.MavenExecutionContext.execute(MavenExecutionContext.java:99) [org.eclipse.m2e.core_1.11.0.20190220-2119.jar:na]
	at org.eclipse.m2e.core.internal.builder.MavenBuilder$BuildMethod.execute(MavenBuilder.java:87) [org.eclipse.m2e.core_1.11.0.20190220-2119.jar:na]
	at org.eclipse.m2e.core.internal.builder.MavenBuilder.build(MavenBuilder.java:201) [org.eclipse.m2e.core_1.11.0.20190220-2119.jar:na]
	at org.eclipse.core.internal.events.BuildManager$2.run(BuildManager.java:833) [org.eclipse.core.resources_3.13.300.v20190218-2054.jar:na]
	at org.eclipse.core.runtime.SafeRunner.run(SafeRunner.java:45) [org.eclipse.equinox.common_3.10.300.v20190218-2100.jar:na]
	at org.eclipse.core.internal.events.BuildManager.basicBuild(BuildManager.java:220) [org.eclipse.core.resources_3.13.300.v20190218-2054.jar:na]
	at org.eclipse.core.internal.events.BuildManager.basicBuild(BuildManager.java:263) [org.eclipse.core.resources_3.13.300.v20190218-2054.jar:na]
	at org.eclipse.core.internal.events.BuildManager$1.run(BuildManager.java:316) [org.eclipse.core.resources_3.13.300.v20190218-2054.jar:na]
	at org.eclipse.core.runtime.SafeRunner.run(SafeRunner.java:45) [org.eclipse.equinox.common_3.10.300.v20190218-2100.jar:na]
	at org.eclipse.core.internal.events.BuildManager.basicBuild(BuildManager.java:319) [org.eclipse.core.resources_3.13.300.v20190218-2054.jar:na]
	at org.eclipse.core.internal.events.BuildManager.basicBuildLoop(BuildManager.java:371) [org.eclipse.core.resources_3.13.300.v20190218-2054.jar:na]
	at org.eclipse.core.internal.events.BuildManager.build(BuildManager.java:392) [org.eclipse.core.resources_3.13.300.v20190218-2054.jar:na]
	at org.eclipse.core.internal.events.AutoBuildJob.doBuild(AutoBuildJob.java:154) [org.eclipse.core.resources_3.13.300.v20190218-2054.jar:na]
	at org.eclipse.core.internal.events.AutoBuildJob.run(AutoBuildJob.java:244) [org.eclipse.core.resources_3.13.300.v20190218-2054.jar:na]
	at org.eclipse.core.internal.jobs.Worker.run(Worker.java:63) [org.eclipse.core.jobs_3.10.300.v20190215-2048.jar:na]
Caused by: org.apache.maven.model.io.ModelParseException: only whitespace content allowed before start tag and not - (position: START_DOCUMENT seen <?xml version="1.0" encoding="UTF-8"?>\r\n\r\n-... @3:2) 
	at org.apache.maven.model.io.DefaultModelReader.read(DefaultModelReader.java:114) ~[maven-model-builder-3.5.3.jar:3.5.3]
	at org.apache.maven.model.io.DefaultModelReader.read(DefaultModelReader.java:82) ~[maven-model-builder-3.5.3.jar:3.5.3]
	at org.eclipse.m2e.core.internal.embedder.MavenImpl.readModel(MavenImpl.java:557) ~[org.eclipse.m2e.core_1.11.0.20190220-2119.jar:na]
	... 24 common frames omitted
Caused by: org.codehaus.plexus.util.xml.pull.XmlPullParserException: only whitespace content allowed before start tag and not - (position: START_DOCUMENT seen <?xml version="1.0" encoding="UTF-8"?>\r\n\r\n-... @3:2) 
	at org.codehaus.plexus.util.xml.pull.MXParser.parseProlog(MXParser.java:1862) ~[plexus-utils-3.1.0.jar:na]
	at org.codehaus.plexus.util.xml.pull.MXParser.nextImpl(MXParser.java:1698) ~[plexus-utils-3.1.0.jar:na]
	at org.codehaus.plexus.util.xml.pull.MXParser.next(MXParser.java:1317) ~[plexus-utils-3.1.0.jar:na]
	at org.apache.maven.model.io.xpp3.MavenXpp3Reader.read(MavenXpp3Reader.java:3856) ~[maven-model-3.5.3.jar:3.5.3]
	at org.apache.maven.model.io.xpp3.MavenXpp3Reader.read(MavenXpp3Reader.java:595) ~[maven-model-3.5.3.jar:3.5.3]
	at org.apache.maven.model.io.DefaultModelReader.read(DefaultModelReader.java:109) ~[maven-model-builder-3.5.3.jar:3.5.3]
	... 26 common frames omitted
2021-05-02 15:30:12,865 [Worker-24: Building workspace] ERROR o.e.m.c.i.p.r.ProjectRegistryManager - Could not read pom.xml
org.eclipse.core.runtime.CoreException: Could not read pom.xml
	at org.eclipse.m2e.core.internal.embedder.MavenImpl.readModel(MavenImpl.java:559) ~[org.eclipse.m2e.core_1.11.0.20190220-2119.jar:na]
	at org.eclipse.m2e.core.internal.embedder.MavenImpl.readModel(MavenImpl.java:568) ~[org.eclipse.m2e.core_1.11.0.20190220-2119.jar:na]
	at org.eclipse.m2e.core.internal.project.registry.ProjectRegistryManager.refreshPhase2(ProjectRegistryManager.java:537) [org.eclipse.m2e.core_1.11.0.20190220-2119.jar:na]
	at org.eclipse.m2e.core.internal.project.registry.ProjectRegistryManager.refresh(ProjectRegistryManager.java:493) [org.eclipse.m2e.core_1.11.0.20190220-2119.jar:na]
	at org.eclipse.m2e.core.internal.project.registry.ProjectRegistryManager.refresh(ProjectRegistryManager.java:349) [org.eclipse.m2e.core_1.11.0.20190220-2119.jar:na]
	at org.eclipse.m2e.core.internal.project.registry.ProjectRegistryManager.refresh(ProjectRegistryManager.java:296) [org.eclipse.m2e.core_1.11.0.20190220-2119.jar:na]
	at org.eclipse.m2e.core.internal.builder.MavenBuilder$BuildMethod.getProjectFacade(MavenBuilder.java:155) [org.eclipse.m2e.core_1.11.0.20190220-2119.jar:na]
	at org.eclipse.m2e.core.internal.builder.MavenBuilder$BuildMethod$1.call(MavenBuilder.java:90) [org.eclipse.m2e.core_1.11.0.20190220-2119.jar:na]
	at org.eclipse.m2e.core.internal.embedder.MavenExecutionContext.executeBare(MavenExecutionContext.java:177) [org.eclipse.m2e.core_1.11.0.20190220-2119.jar:na]
	at org.eclipse.m2e.core.internal.embedder.MavenExecutionContext.execute(MavenExecutionContext.java:151) [org.eclipse.m2e.core_1.11.0.20190220-2119.jar:na]
	at org.eclipse.m2e.core.internal.embedder.MavenExecutionContext.execute(MavenExecutionContext.java:99) [org.eclipse.m2e.core_1.11.0.20190220-2119.jar:na]
	at org.eclipse.m2e.core.internal.builder.MavenBuilder$BuildMethod.execute(MavenBuilder.java:87) [org.eclipse.m2e.core_1.11.0.20190220-2119.jar:na]
	at org.eclipse.m2e.core.internal.builder.MavenBuilder.build(MavenBuilder.java:201) [org.eclipse.m2e.core_1.11.0.20190220-2119.jar:na]
	at org.eclipse.core.internal.events.BuildManager$2.run(BuildManager.java:833) [org.eclipse.core.resources_3.13.300.v20190218-2054.jar:na]
	at org.eclipse.core.runtime.SafeRunner.run(SafeRunner.java:45) [org.eclipse.equinox.common_3.10.300.v20190218-2100.jar:na]
	at org.eclipse.core.internal.events.BuildManager.basicBuild(BuildManager.java:220) [org.eclipse.core.resources_3.13.300.v20190218-2054.jar:na]
	at org.eclipse.core.internal.events.BuildManager.basicBuild(BuildManager.java:263) [org.eclipse.core.resources_3.13.300.v20190218-2054.jar:na]
	at org.eclipse.core.internal.events.BuildManager$1.run(BuildManager.java:316) [org.eclipse.core.resources_3.13.300.v20190218-2054.jar:na]
	at org.eclipse.core.runtime.SafeRunner.run(SafeRunner.java:45) [org.eclipse.equinox.common_3.10.300.v20190218-2100.jar:na]
	at org.eclipse.core.internal.events.BuildManager.basicBuild(BuildManager.java:319) [org.eclipse.core.resources_3.13.300.v20190218-2054.jar:na]
	at org.eclipse.core.internal.events.BuildManager.basicBuildLoop(BuildManager.java:371) [org.eclipse.core.resources_3.13.300.v20190218-2054.jar:na]
	at org.eclipse.core.internal.events.BuildManager.build(BuildManager.java:392) [org.eclipse.core.resources_3.13.300.v20190218-2054.jar:na]
	at org.eclipse.core.internal.events.AutoBuildJob.doBuild(AutoBuildJob.java:154) [org.eclipse.core.resources_3.13.300.v20190218-2054.jar:na]
	at org.eclipse.core.internal.events.AutoBuildJob.run(AutoBuildJob.java:244) [org.eclipse.core.resources_3.13.300.v20190218-2054.jar:na]
	at org.eclipse.core.internal.jobs.Worker.run(Worker.java:63) [org.eclipse.core.jobs_3.10.300.v20190215-2048.jar:na]
Caused by: org.apache.maven.model.io.ModelParseException: only whitespace content allowed before start tag and not - (position: START_DOCUMENT seen <?xml version="1.0" encoding="UTF-8"?>\r\n\r\n-... @3:2) 
	at org.apache.maven.model.io.DefaultModelReader.read(DefaultModelReader.java:114) ~[maven-model-builder-3.5.3.jar:3.5.3]
	at org.apache.maven.model.io.DefaultModelReader.read(DefaultModelReader.java:82) ~[maven-model-builder-3.5.3.jar:3.5.3]
	at org.eclipse.m2e.core.internal.embedder.MavenImpl.readModel(MavenImpl.java:557) ~[org.eclipse.m2e.core_1.11.0.20190220-2119.jar:na]
	... 24 common frames omitted
Caused by: org.codehaus.plexus.util.xml.pull.XmlPullParserException: only whitespace content allowed before start tag and not - (position: START_DOCUMENT seen <?xml version="1.0" encoding="UTF-8"?>\r\n\r\n-... @3:2) 
	at org.codehaus.plexus.util.xml.pull.MXParser.parseProlog(MXParser.java:1862) ~[plexus-utils-3.1.0.jar:na]
	at org.codehaus.plexus.util.xml.pull.MXParser.nextImpl(MXParser.java:1698) ~[plexus-utils-3.1.0.jar:na]
	at org.codehaus.plexus.util.xml.pull.MXParser.next(MXParser.java:1317) ~[plexus-utils-3.1.0.jar:na]
	at org.apache.maven.model.io.xpp3.MavenXpp3Reader.read(MavenXpp3Reader.java:3856) ~[maven-model-3.5.3.jar:3.5.3]
	at org.apache.maven.model.io.xpp3.MavenXpp3Reader.read(MavenXpp3Reader.java:595) ~[maven-model-3.5.3.jar:3.5.3]
	at org.apache.maven.model.io.DefaultModelReader.read(DefaultModelReader.java:109) ~[maven-model-builder-3.5.3.jar:3.5.3]
	... 26 common frames omitted
2021-05-02 15:30:55,538 [Worker-27: reload maven project] WARN  o.e.m.c.i.embedder.EclipseLogger - The POM for com.oracle:ojdbc6:jar:11.2.0 is missing, no dependency information available
2021-05-02 15:30:55,735 [Worker-27: reload maven project] WARN  o.e.m.c.i.embedder.EclipseLogger - The POM for com.oracle:ojdbc6:jar:11.2.0 is missing, no dependency information available
2021-05-02 15:30:56,116 [Worker-26: Building workspace] INFO  o.e.m.c.i.l.LifecycleMappingFactory - Using org.eclipse.m2e.jdt.JarLifecycleMapping lifecycle mapping for MavenProject: PROJETOMV:PROJETOMV:0.0.1-SNAPSHOT @ C:\Users\beatr\OneDrive\햞ea de Trabalho\MV\PROJETOMV\pom.xml.
2021-05-02 15:30:56,128 [Worker-26: Building workspace] WARN  o.e.m.c.i.embedder.EclipseLogger - The POM for com.oracle:ojdbc6:jar:11.2.0 is missing, no dependency information available
2021-05-02 15:30:56,869 [Worker-26: Building workspace] INFO  o.e.m.c.i.embedder.EclipseLogger - Using 'UTF-8' encoding to copy filtered resources.
2021-05-02 15:30:56,869 [Worker-26: Building workspace] INFO  o.e.m.c.i.embedder.EclipseLogger - skip non existing resourceDirectory C:\Users\beatr\OneDrive\햞ea de Trabalho\MV\PROJETOMV\src\main\resources
2021-05-02 15:30:56,872 [Worker-26: Building workspace] INFO  o.e.m.c.i.embedder.EclipseLogger - Using 'UTF-8' encoding to copy filtered resources.
2021-05-02 15:30:56,872 [Worker-26: Building workspace] INFO  o.e.m.c.i.embedder.EclipseLogger - skip non existing resourceDirectory C:\Users\beatr\OneDrive\햞ea de Trabalho\MV\PROJETOMV\src\test\resources
2021-05-02 15:32:27,124 [Worker-28: Building workspace] INFO  o.e.m.c.i.l.LifecycleMappingFactory - Using org.eclipse.m2e.jdt.JarLifecycleMapping lifecycle mapping for MavenProject: PROJETOMV:PROJETOMV:0.0.1-SNAPSHOT @ C:\Users\beatr\OneDrive\햞ea de Trabalho\MV\PROJETOMV\pom.xml.
2021-05-02 15:32:27,840 [Worker-28: Building workspace] INFO  o.e.m.c.i.embedder.EclipseLogger - Using 'UTF-8' encoding to copy filtered resources.
2021-05-02 15:32:27,841 [Worker-28: Building workspace] INFO  o.e.m.c.i.embedder.EclipseLogger - skip non existing resourceDirectory C:\Users\beatr\OneDrive\햞ea de Trabalho\MV\PROJETOMV\src\main\resources
2021-05-02 15:32:27,844 [Worker-28: Building workspace] INFO  o.e.m.c.i.embedder.EclipseLogger - Using 'UTF-8' encoding to copy filtered resources.
2021-05-02 15:32:27,844 [Worker-28: Building workspace] INFO  o.e.m.c.i.embedder.EclipseLogger - skip non existing resourceDirectory C:\Users\beatr\OneDrive\햞ea de Trabalho\MV\PROJETOMV\src\test\resources
2021-05-02 15:32:29,307 [Worker-29: Building workspace] INFO  o.e.m.c.i.embedder.EclipseLogger - Using 'UTF-8' encoding to copy filtered resources.
2021-05-02 15:32:29,308 [Worker-29: Building workspace] INFO  o.e.m.c.i.embedder.EclipseLogger - skip non existing resourceDirectory C:\Users\beatr\OneDrive\햞ea de Trabalho\MV\PROJETOMV\src\main\resources
2021-05-02 15:32:29,310 [Worker-29: Building workspace] INFO  o.e.m.c.i.embedder.EclipseLogger - Using 'UTF-8' encoding to copy filtered resources.
2021-05-02 15:32:29,311 [Worker-29: Building workspace] INFO  o.e.m.c.i.embedder.EclipseLogger - skip non existing resourceDirectory C:\Users\beatr\OneDrive\햞ea de Trabalho\MV\PROJETOMV\src\test\resources
2021-05-02 15:33:39,536 [Worker-26: Building workspace] INFO  o.e.m.c.i.l.LifecycleMappingFactory - Using org.eclipse.m2e.jdt.JarLifecycleMapping lifecycle mapping for MavenProject: PROJETOMV:PROJETOMV:0.0.1-SNAPSHOT @ C:\Users\beatr\OneDrive\햞ea de Trabalho\MV\PROJETOMV\pom.xml.
2021-05-02 15:33:39,804 [Worker-26: Building workspace] INFO  o.e.m.c.i.embedder.EclipseLogger - Using 'UTF-8' encoding to copy filtered resources.
2021-05-02 15:33:39,805 [Worker-26: Building workspace] INFO  o.e.m.c.i.embedder.EclipseLogger - skip non existing resourceDirectory C:\Users\beatr\OneDrive\햞ea de Trabalho\MV\PROJETOMV\src\main\resources
2021-05-02 15:33:39,807 [Worker-26: Building workspace] INFO  o.e.m.c.i.embedder.EclipseLogger - Using 'UTF-8' encoding to copy filtered resources.
2021-05-02 15:33:39,807 [Worker-26: Building workspace] INFO  o.e.m.c.i.embedder.EclipseLogger - skip non existing resourceDirectory C:\Users\beatr\OneDrive\햞ea de Trabalho\MV\PROJETOMV\src\test\resources
2021-05-02 15:37:24,312 [Worker-31: Building workspace] INFO  o.e.m.c.i.embedder.EclipseLogger - Using 'UTF-8' encoding to copy filtered resources.
2021-05-02 15:37:24,312 [Worker-31: Building workspace] INFO  o.e.m.c.i.embedder.EclipseLogger - skip non existing resourceDirectory C:\Users\beatr\OneDrive\햞ea de Trabalho\MV\PROJETOMV\src\main\resources
2021-05-02 15:37:24,314 [Worker-31: Building workspace] INFO  o.e.m.c.i.embedder.EclipseLogger - Using 'UTF-8' encoding to copy filtered resources.
2021-05-02 15:37:24,314 [Worker-31: Building workspace] INFO  o.e.m.c.i.embedder.EclipseLogger - skip non existing resourceDirectory C:\Users\beatr\OneDrive\햞ea de Trabalho\MV\PROJETOMV\src\test\resources
2021-05-02 15:37:46,119 [Worker-34: Building workspace] INFO  o.e.m.c.i.embedder.EclipseLogger - Using 'UTF-8' encoding to copy filtered resources.
2021-05-02 15:37:46,120 [Worker-34: Building workspace] INFO  o.e.m.c.i.embedder.EclipseLogger - skip non existing resourceDirectory C:\Users\beatr\OneDrive\햞ea de Trabalho\MV\PROJETOMV\src\main\resources
2021-05-02 15:37:46,122 [Worker-34: Building workspace] INFO  o.e.m.c.i.embedder.EclipseLogger - Using 'UTF-8' encoding to copy filtered resources.
2021-05-02 15:37:46,123 [Worker-34: Building workspace] INFO  o.e.m.c.i.embedder.EclipseLogger - skip non existing resourceDirectory C:\Users\beatr\OneDrive\햞ea de Trabalho\MV\PROJETOMV\src\test\resources
2021-05-02 15:37:51,251 [Worker-30: Rebuilding] INFO  o.e.m.c.i.embedder.EclipseLogger - Using 'UTF-8' encoding to copy filtered resources.
2021-05-02 15:37:51,251 [Worker-30: Rebuilding] INFO  o.e.m.c.i.embedder.EclipseLogger - skip non existing resourceDirectory C:\Users\beatr\OneDrive\햞ea de Trabalho\MV\PROJETOMV\src\main\resources
2021-05-02 15:37:51,255 [Worker-30: Rebuilding] INFO  o.e.m.c.i.embedder.EclipseLogger - Using 'UTF-8' encoding to copy filtered resources.
2021-05-02 15:37:51,255 [Worker-30: Rebuilding] INFO  o.e.m.c.i.embedder.EclipseLogger - skip non existing resourceDirectory C:\Users\beatr\OneDrive\햞ea de Trabalho\MV\PROJETOMV\src\test\resources
2021-05-02 15:38:18,280 [Worker-28: Launching Executing install in C__Users_beatr_OneDrive_햞ea de Trabalho_MV_PROJETOMV] INFO  o.e.m.i.launch.MavenLaunchDelegate - C:\Users\beatr\OneDrive\햞ea de Trabalho\MV\PROJETOMV
2021-05-02 15:38:18,281 [Worker-28: Launching Executing install in C__Users_beatr_OneDrive_햞ea de Trabalho_MV_PROJETOMV] INFO  o.e.m.i.launch.MavenLaunchDelegate -  mvn -B install
2021-05-02 15:38:29,519 [Worker-36: Building workspace] INFO  o.e.m.c.i.embedder.EclipseLogger - Using 'UTF-8' encoding to copy filtered resources.
2021-05-02 15:38:29,520 [Worker-36: Building workspace] INFO  o.e.m.c.i.embedder.EclipseLogger - skip non existing resourceDirectory C:\Users\beatr\OneDrive\햞ea de Trabalho\MV\PROJETOMV\src\main\resources
2021-05-02 15:38:29,522 [Worker-36: Building workspace] INFO  o.e.m.c.i.embedder.EclipseLogger - Using 'UTF-8' encoding to copy filtered resources.
2021-05-02 15:38:29,523 [Worker-36: Building workspace] INFO  o.e.m.c.i.embedder.EclipseLogger - skip non existing resourceDirectory C:\Users\beatr\OneDrive\햞ea de Trabalho\MV\PROJETOMV\src\test\resources
2021-05-02 15:40:03,853 [Worker-33: Building workspace] INFO  o.e.m.c.i.embedder.EclipseLogger - Using 'UTF-8' encoding to copy filtered resources.
2021-05-02 15:40:03,854 [Worker-33: Building workspace] INFO  o.e.m.c.i.embedder.EclipseLogger - skip non existing resourceDirectory C:\Users\beatr\OneDrive\햞ea de Trabalho\MV\PROJETOMV\src\main\resources
2021-05-02 15:40:03,855 [Worker-33: Building workspace] INFO  o.e.m.c.i.embedder.EclipseLogger - Using 'UTF-8' encoding to copy filtered resources.
2021-05-02 15:40:03,855 [Worker-33: Building workspace] INFO  o.e.m.c.i.embedder.EclipseLogger - skip non existing resourceDirectory C:\Users\beatr\OneDrive\햞ea de Trabalho\MV\PROJETOMV\src\test\resources
2021-05-02 15:42:28,473 [Worker-33: Building workspace] INFO  o.e.m.c.i.embedder.EclipseLogger - Using 'UTF-8' encoding to copy filtered resources.
2021-05-02 15:42:28,473 [Worker-33: Building workspace] INFO  o.e.m.c.i.embedder.EclipseLogger - skip non existing resourceDirectory C:\Users\beatr\OneDrive\햞ea de Trabalho\MV\PROJETOMV\src\main\resources
2021-05-02 15:42:28,474 [Worker-33: Building workspace] INFO  o.e.m.c.i.embedder.EclipseLogger - Using 'UTF-8' encoding to copy filtered resources.
2021-05-02 15:42:28,474 [Worker-33: Building workspace] INFO  o.e.m.c.i.embedder.EclipseLogger - skip non existing resourceDirectory C:\Users\beatr\OneDrive\햞ea de Trabalho\MV\PROJETOMV\src\test\resources
2021-05-02 15:44:07,533 [Worker-35: Building workspace] INFO  o.e.m.c.i.embedder.EclipseLogger - Using 'UTF-8' encoding to copy filtered resources.
2021-05-02 15:44:07,534 [Worker-35: Building workspace] INFO  o.e.m.c.i.embedder.EclipseLogger - skip non existing resourceDirectory C:\Users\beatr\OneDrive\햞ea de Trabalho\MV\PROJETOMV\src\main\resources
2021-05-02 15:44:07,538 [Worker-35: Building workspace] INFO  o.e.m.c.i.embedder.EclipseLogger - Using 'UTF-8' encoding to copy filtered resources.
2021-05-02 15:44:07,539 [Worker-35: Building workspace] INFO  o.e.m.c.i.embedder.EclipseLogger - skip non existing resourceDirectory C:\Users\beatr\OneDrive\햞ea de Trabalho\MV\PROJETOMV\src\test\resources
2021-05-02 15:44:15,012 [Worker-35: Building workspace] INFO  o.e.m.c.i.embedder.EclipseLogger - Using 'UTF-8' encoding to copy filtered resources.
2021-05-02 15:44:15,012 [Worker-35: Building workspace] INFO  o.e.m.c.i.embedder.EclipseLogger - skip non existing resourceDirectory C:\Users\beatr\OneDrive\햞ea de Trabalho\MV\PROJETOMV\src\main\resources
2021-05-02 15:44:15,014 [Worker-35: Building workspace] INFO  o.e.m.c.i.embedder.EclipseLogger - Using 'UTF-8' encoding to copy filtered resources.
2021-05-02 15:44:15,015 [Worker-35: Building workspace] INFO  o.e.m.c.i.embedder.EclipseLogger - skip non existing resourceDirectory C:\Users\beatr\OneDrive\햞ea de Trabalho\MV\PROJETOMV\src\test\resources
2021-05-02 15:44:21,047 [Worker-38: Building workspace] INFO  o.e.m.c.i.embedder.EclipseLogger - Using 'UTF-8' encoding to copy filtered resources.
2021-05-02 15:44:21,048 [Worker-38: Building workspace] INFO  o.e.m.c.i.embedder.EclipseLogger - skip non existing resourceDirectory C:\Users\beatr\OneDrive\햞ea de Trabalho\MV\PROJETOMV\src\main\resources
2021-05-02 15:44:21,050 [Worker-38: Building workspace] INFO  o.e.m.c.i.embedder.EclipseLogger - Using 'UTF-8' encoding to copy filtered resources.
2021-05-02 15:44:21,050 [Worker-38: Building workspace] INFO  o.e.m.c.i.embedder.EclipseLogger - skip non existing resourceDirectory C:\Users\beatr\OneDrive\햞ea de Trabalho\MV\PROJETOMV\src\test\resources
2021-05-02 15:45:11,591 [Worker-35: Building workspace] INFO  o.e.m.c.i.embedder.EclipseLogger - Using 'UTF-8' encoding to copy filtered resources.
2021-05-02 15:45:11,592 [Worker-35: Building workspace] INFO  o.e.m.c.i.embedder.EclipseLogger - skip non existing resourceDirectory C:\Users\beatr\OneDrive\햞ea de Trabalho\MV\PROJETOMV\src\main\resources
2021-05-02 15:45:11,593 [Worker-35: Building workspace] INFO  o.e.m.c.i.embedder.EclipseLogger - Using 'UTF-8' encoding to copy filtered resources.
2021-05-02 15:45:11,593 [Worker-35: Building workspace] INFO  o.e.m.c.i.embedder.EclipseLogger - skip non existing resourceDirectory C:\Users\beatr\OneDrive\햞ea de Trabalho\MV\PROJETOMV\src\test\resources
2021-05-02 15:45:26,992 [Worker-37: Building workspace] INFO  o.e.m.c.i.embedder.EclipseLogger - Using 'UTF-8' encoding to copy filtered resources.
2021-05-02 15:45:26,992 [Worker-37: Building workspace] INFO  o.e.m.c.i.embedder.EclipseLogger - skip non existing resourceDirectory C:\Users\beatr\OneDrive\햞ea de Trabalho\MV\PROJETOMV\src\main\resources
2021-05-02 15:45:26,995 [Worker-37: Building workspace] INFO  o.e.m.c.i.embedder.EclipseLogger - Using 'UTF-8' encoding to copy filtered resources.
2021-05-02 15:45:26,996 [Worker-37: Building workspace] INFO  o.e.m.c.i.embedder.EclipseLogger - skip non existing resourceDirectory C:\Users\beatr\OneDrive\햞ea de Trabalho\MV\PROJETOMV\src\test\resources
2021-05-02 16:01:46,452 [Worker-47: Launching App] INFO  o.e.m.c.i.embedder.EclipseLogger - Using 'UTF-8' encoding to copy filtered resources.
2021-05-02 16:01:46,453 [Worker-47: Launching App] INFO  o.e.m.c.i.embedder.EclipseLogger - skip non existing resourceDirectory C:\Users\beatr\OneDrive\햞ea de Trabalho\MV\PROJETOMV\src\main\resources
2021-05-02 16:01:46,454 [Worker-47: Launching App] INFO  o.e.m.c.i.embedder.EclipseLogger - Using 'UTF-8' encoding to copy filtered resources.
2021-05-02 16:01:46,455 [Worker-47: Launching App] INFO  o.e.m.c.i.embedder.EclipseLogger - skip non existing resourceDirectory C:\Users\beatr\OneDrive\햞ea de Trabalho\MV\PROJETOMV\src\test\resources
2021-05-02 16:02:06,205 [Worker-48: Building workspace] INFO  o.e.m.c.i.embedder.EclipseLogger - Using 'UTF-8' encoding to copy filtered resources.
2021-05-02 16:02:06,205 [Worker-48: Building workspace] INFO  o.e.m.c.i.embedder.EclipseLogger - skip non existing resourceDirectory C:\Users\beatr\OneDrive\햞ea de Trabalho\MV\PROJETOMV\src\main\resources
2021-05-02 16:02:06,206 [Worker-48: Building workspace] INFO  o.e.m.c.i.embedder.EclipseLogger - Using 'UTF-8' encoding to copy filtered resources.
2021-05-02 16:02:06,206 [Worker-48: Building workspace] INFO  o.e.m.c.i.embedder.EclipseLogger - skip non existing resourceDirectory C:\Users\beatr\OneDrive\햞ea de Trabalho\MV\PROJETOMV\src\test\resources
2021-05-02 16:29:23,224 [Worker-46: Building workspace] INFO  o.e.m.c.i.embedder.EclipseLogger - Using 'UTF-8' encoding to copy filtered resources.
2021-05-02 16:29:23,225 [Worker-46: Building workspace] INFO  o.e.m.c.i.embedder.EclipseLogger - skip non existing resourceDirectory C:\Users\beatr\OneDrive\햞ea de Trabalho\MV\PROJETOMV\src\main\resources
2021-05-02 16:29:23,227 [Worker-46: Building workspace] INFO  o.e.m.c.i.embedder.EclipseLogger - Using 'UTF-8' encoding to copy filtered resources.
2021-05-02 16:29:23,227 [Worker-46: Building workspace] INFO  o.e.m.c.i.embedder.EclipseLogger - skip non existing resourceDirectory C:\Users\beatr\OneDrive\햞ea de Trabalho\MV\PROJETOMV\src\test\resources
2021-05-02 16:34:59,944 [Worker-46: Building workspace] INFO  o.e.m.c.i.embedder.EclipseLogger - Using 'UTF-8' encoding to copy filtered resources.
2021-05-02 16:34:59,945 [Worker-46: Building workspace] INFO  o.e.m.c.i.embedder.EclipseLogger - skip non existing resourceDirectory C:\Users\beatr\OneDrive\햞ea de Trabalho\MV\PROJETOMV\src\main\resources
2021-05-02 16:34:59,946 [Worker-46: Building workspace] INFO  o.e.m.c.i.embedder.EclipseLogger - Using 'UTF-8' encoding to copy filtered resources.
2021-05-02 16:34:59,947 [Worker-46: Building workspace] INFO  o.e.m.c.i.embedder.EclipseLogger - skip non existing resourceDirectory C:\Users\beatr\OneDrive\햞ea de Trabalho\MV\PROJETOMV\src\test\resources
2021-05-02 16:36:55,632 [Worker-46: Building workspace] INFO  o.e.m.c.i.embedder.EclipseLogger - Using 'UTF-8' encoding to copy filtered resources.
2021-05-02 16:36:55,633 [Worker-46: Building workspace] INFO  o.e.m.c.i.embedder.EclipseLogger - skip non existing resourceDirectory C:\Users\beatr\OneDrive\햞ea de Trabalho\MV\PROJETOMV\src\main\resources
2021-05-02 16:36:55,635 [Worker-46: Building workspace] INFO  o.e.m.c.i.embedder.EclipseLogger - Using 'UTF-8' encoding to copy filtered resources.
2021-05-02 16:36:55,636 [Worker-46: Building workspace] INFO  o.e.m.c.i.embedder.EclipseLogger - skip non existing resourceDirectory C:\Users\beatr\OneDrive\햞ea de Trabalho\MV\PROJETOMV\src\test\resources
2021-05-02 17:00:02,045 [Worker-52: Building workspace] INFO  o.e.m.c.i.embedder.EclipseLogger - Using 'UTF-8' encoding to copy filtered resources.
2021-05-02 17:00:02,045 [Worker-52: Building workspace] INFO  o.e.m.c.i.embedder.EclipseLogger - skip non existing resourceDirectory C:\Users\beatr\OneDrive\햞ea de Trabalho\MV\PROJETOMV\src\main\resources
2021-05-02 17:00:02,046 [Worker-52: Building workspace] INFO  o.e.m.c.i.embedder.EclipseLogger - Using 'UTF-8' encoding to copy filtered resources.
2021-05-02 17:00:02,046 [Worker-52: Building workspace] INFO  o.e.m.c.i.embedder.EclipseLogger - skip non existing resourceDirectory C:\Users\beatr\OneDrive\햞ea de Trabalho\MV\PROJETOMV\src\test\resources
2021-05-02 17:01:18,115 [Worker-52: Building workspace] INFO  o.e.m.c.i.embedder.EclipseLogger - Using 'UTF-8' encoding to copy filtered resources.
2021-05-02 17:01:18,116 [Worker-52: Building workspace] INFO  o.e.m.c.i.embedder.EclipseLogger - skip non existing resourceDirectory C:\Users\beatr\OneDrive\햞ea de Trabalho\MV\PROJETOMV\src\main\resources
2021-05-02 17:01:18,117 [Worker-52: Building workspace] INFO  o.e.m.c.i.embedder.EclipseLogger - Using 'UTF-8' encoding to copy filtered resources.
2021-05-02 17:01:18,117 [Worker-52: Building workspace] INFO  o.e.m.c.i.embedder.EclipseLogger - skip non existing resourceDirectory C:\Users\beatr\OneDrive\햞ea de Trabalho\MV\PROJETOMV\src\test\resources
2021-05-02 17:01:21,588 [Worker-52: Launching App] INFO  o.e.m.c.i.embedder.EclipseLogger - Using 'UTF-8' encoding to copy filtered resources.
2021-05-02 17:01:21,589 [Worker-52: Launching App] INFO  o.e.m.c.i.embedder.EclipseLogger - skip non existing resourceDirectory C:\Users\beatr\OneDrive\햞ea de Trabalho\MV\PROJETOMV\src\main\resources
2021-05-02 17:01:21,594 [Worker-52: Launching App] INFO  o.e.m.c.i.embedder.EclipseLogger - Using 'UTF-8' encoding to copy filtered resources.
2021-05-02 17:01:21,595 [Worker-52: Launching App] INFO  o.e.m.c.i.embedder.EclipseLogger - skip non existing resourceDirectory C:\Users\beatr\OneDrive\햞ea de Trabalho\MV\PROJETOMV\src\test\resources
2021-05-02 17:04:52,753 [Worker-63: Building workspace] INFO  o.e.m.c.i.embedder.EclipseLogger - Using 'UTF-8' encoding to copy filtered resources.
2021-05-02 17:04:52,754 [Worker-63: Building workspace] INFO  o.e.m.c.i.embedder.EclipseLogger - skip non existing resourceDirectory C:\Users\beatr\OneDrive\햞ea de Trabalho\MV\PROJETOMV\src\main\resources
2021-05-02 17:04:52,755 [Worker-63: Building workspace] INFO  o.e.m.c.i.embedder.EclipseLogger - Using 'UTF-8' encoding to copy filtered resources.
2021-05-02 17:04:52,756 [Worker-63: Building workspace] INFO  o.e.m.c.i.embedder.EclipseLogger - skip non existing resourceDirectory C:\Users\beatr\OneDrive\햞ea de Trabalho\MV\PROJETOMV\src\test\resources
2021-05-02 17:05:06,572 [Worker-63: Building workspace] INFO  o.e.m.c.i.embedder.EclipseLogger - Using 'UTF-8' encoding to copy filtered resources.
2021-05-02 17:05:06,572 [Worker-63: Building workspace] INFO  o.e.m.c.i.embedder.EclipseLogger - skip non existing resourceDirectory C:\Users\beatr\OneDrive\햞ea de Trabalho\MV\PROJETOMV\src\main\resources
2021-05-02 17:05:06,573 [Worker-63: Building workspace] INFO  o.e.m.c.i.embedder.EclipseLogger - Using 'UTF-8' encoding to copy filtered resources.
2021-05-02 17:05:06,574 [Worker-63: Building workspace] INFO  o.e.m.c.i.embedder.EclipseLogger - skip non existing resourceDirectory C:\Users\beatr\OneDrive\햞ea de Trabalho\MV\PROJETOMV\src\test\resources
2021-05-02 17:05:58,012 [Worker-63: Building workspace] INFO  o.e.m.c.i.embedder.EclipseLogger - Using 'UTF-8' encoding to copy filtered resources.
2021-05-02 17:05:58,013 [Worker-63: Building workspace] INFO  o.e.m.c.i.embedder.EclipseLogger - skip non existing resourceDirectory C:\Users\beatr\OneDrive\햞ea de Trabalho\MV\PROJETOMV\src\main\resources
2021-05-02 17:05:58,014 [Worker-63: Building workspace] INFO  o.e.m.c.i.embedder.EclipseLogger - Using 'UTF-8' encoding to copy filtered resources.
2021-05-02 17:05:58,015 [Worker-63: Building workspace] INFO  o.e.m.c.i.embedder.EclipseLogger - skip non existing resourceDirectory C:\Users\beatr\OneDrive\햞ea de Trabalho\MV\PROJETOMV\src\test\resources
2021-05-02 17:11:33,414 [Worker-60: Building workspace] INFO  o.e.m.c.i.embedder.EclipseLogger - Using 'UTF-8' encoding to copy filtered resources.
2021-05-02 17:11:33,414 [Worker-60: Building workspace] INFO  o.e.m.c.i.embedder.EclipseLogger - skip non existing resourceDirectory C:\Users\beatr\OneDrive\햞ea de Trabalho\MV\PROJETOMV\src\main\resources
2021-05-02 17:11:33,416 [Worker-60: Building workspace] INFO  o.e.m.c.i.embedder.EclipseLogger - Using 'UTF-8' encoding to copy filtered resources.
2021-05-02 17:11:33,416 [Worker-60: Building workspace] INFO  o.e.m.c.i.embedder.EclipseLogger - skip non existing resourceDirectory C:\Users\beatr\OneDrive\햞ea de Trabalho\MV\PROJETOMV\src\test\resources
2021-05-02 17:13:10,022 [Worker-67: Building workspace] INFO  o.e.m.c.i.embedder.EclipseLogger - Using 'UTF-8' encoding to copy filtered resources.
2021-05-02 17:13:10,023 [Worker-67: Building workspace] INFO  o.e.m.c.i.embedder.EclipseLogger - skip non existing resourceDirectory C:\Users\beatr\OneDrive\햞ea de Trabalho\MV\PROJETOMV\src\main\resources
2021-05-02 17:13:10,024 [Worker-67: Building workspace] INFO  o.e.m.c.i.embedder.EclipseLogger - Using 'UTF-8' encoding to copy filtered resources.
2021-05-02 17:13:10,024 [Worker-67: Building workspace] INFO  o.e.m.c.i.embedder.EclipseLogger - skip non existing resourceDirectory C:\Users\beatr\OneDrive\햞ea de Trabalho\MV\PROJETOMV\src\test\resources
2021-05-02 17:13:52,939 [Worker-67: Building workspace] INFO  o.e.m.c.i.embedder.EclipseLogger - Using 'UTF-8' encoding to copy filtered resources.
2021-05-02 17:13:52,940 [Worker-67: Building workspace] INFO  o.e.m.c.i.embedder.EclipseLogger - skip non existing resourceDirectory C:\Users\beatr\OneDrive\햞ea de Trabalho\MV\PROJETOMV\src\main\resources
2021-05-02 17:13:52,941 [Worker-67: Building workspace] INFO  o.e.m.c.i.embedder.EclipseLogger - Using 'UTF-8' encoding to copy filtered resources.
2021-05-02 17:13:52,942 [Worker-67: Building workspace] INFO  o.e.m.c.i.embedder.EclipseLogger - skip non existing resourceDirectory C:\Users\beatr\OneDrive\햞ea de Trabalho\MV\PROJETOMV\src\test\resources
2021-05-02 17:13:59,928 [Worker-60: Building workspace] INFO  o.e.m.c.i.embedder.EclipseLogger - Using 'UTF-8' encoding to copy filtered resources.
2021-05-02 17:13:59,929 [Worker-60: Building workspace] INFO  o.e.m.c.i.embedder.EclipseLogger - skip non existing resourceDirectory C:\Users\beatr\OneDrive\햞ea de Trabalho\MV\PROJETOMV\src\main\resources
2021-05-02 17:13:59,931 [Worker-60: Building workspace] INFO  o.e.m.c.i.embedder.EclipseLogger - Using 'UTF-8' encoding to copy filtered resources.
2021-05-02 17:13:59,931 [Worker-60: Building workspace] INFO  o.e.m.c.i.embedder.EclipseLogger - skip non existing resourceDirectory C:\Users\beatr\OneDrive\햞ea de Trabalho\MV\PROJETOMV\src\test\resources
2021-05-02 17:16:25,157 [Worker-70: Building workspace] INFO  o.e.m.c.i.embedder.EclipseLogger - Using 'UTF-8' encoding to copy filtered resources.
2021-05-02 17:16:25,157 [Worker-70: Building workspace] INFO  o.e.m.c.i.embedder.EclipseLogger - skip non existing resourceDirectory C:\Users\beatr\OneDrive\햞ea de Trabalho\MV\PROJETOMV\src\main\resources
2021-05-02 17:16:25,160 [Worker-70: Building workspace] INFO  o.e.m.c.i.embedder.EclipseLogger - Using 'UTF-8' encoding to copy filtered resources.
2021-05-02 17:16:25,161 [Worker-70: Building workspace] INFO  o.e.m.c.i.embedder.EclipseLogger - skip non existing resourceDirectory C:\Users\beatr\OneDrive\햞ea de Trabalho\MV\PROJETOMV\src\test\resources
2021-05-02 17:16:58,305 [Worker-72: Launching App] INFO  o.e.m.c.i.embedder.EclipseLogger - Using 'UTF-8' encoding to copy filtered resources.
2021-05-02 17:16:58,305 [Worker-72: Launching App] INFO  o.e.m.c.i.embedder.EclipseLogger - skip non existing resourceDirectory C:\Users\beatr\OneDrive\햞ea de Trabalho\MV\PROJETOMV\src\main\resources
2021-05-02 17:16:58,307 [Worker-72: Launching App] INFO  o.e.m.c.i.embedder.EclipseLogger - Using 'UTF-8' encoding to copy filtered resources.
2021-05-02 17:16:58,307 [Worker-72: Launching App] INFO  o.e.m.c.i.embedder.EclipseLogger - skip non existing resourceDirectory C:\Users\beatr\OneDrive\햞ea de Trabalho\MV\PROJETOMV\src\test\resources
2021-05-02 17:17:50,860 [Worker-67: Building workspace] INFO  o.e.m.c.i.embedder.EclipseLogger - Using 'UTF-8' encoding to copy filtered resources.
2021-05-02 17:17:50,860 [Worker-67: Building workspace] INFO  o.e.m.c.i.embedder.EclipseLogger - skip non existing resourceDirectory C:\Users\beatr\OneDrive\햞ea de Trabalho\MV\PROJETOMV\src\main\resources
2021-05-02 17:17:50,861 [Worker-67: Building workspace] INFO  o.e.m.c.i.embedder.EclipseLogger - Using 'UTF-8' encoding to copy filtered resources.
2021-05-02 17:17:50,862 [Worker-67: Building workspace] INFO  o.e.m.c.i.embedder.EclipseLogger - skip non existing resourceDirectory C:\Users\beatr\OneDrive\햞ea de Trabalho\MV\PROJETOMV\src\test\resources
2021-05-02 17:18:11,137 [Worker-75: Building workspace] INFO  o.e.m.c.i.embedder.EclipseLogger - Using 'UTF-8' encoding to copy filtered resources.
2021-05-02 17:18:11,137 [Worker-75: Building workspace] INFO  o.e.m.c.i.embedder.EclipseLogger - skip non existing resourceDirectory C:\Users\beatr\OneDrive\햞ea de Trabalho\MV\PROJETOMV\src\main\resources
2021-05-02 17:18:11,138 [Worker-75: Building workspace] INFO  o.e.m.c.i.embedder.EclipseLogger - Using 'UTF-8' encoding to copy filtered resources.
2021-05-02 17:18:11,139 [Worker-75: Building workspace] INFO  o.e.m.c.i.embedder.EclipseLogger - skip non existing resourceDirectory C:\Users\beatr\OneDrive\햞ea de Trabalho\MV\PROJETOMV\src\test\resources
2021-05-02 17:19:37,813 [Worker-77: Building workspace] INFO  o.e.m.c.i.embedder.EclipseLogger - Using 'UTF-8' encoding to copy filtered resources.
2021-05-02 17:19:37,813 [Worker-77: Building workspace] INFO  o.e.m.c.i.embedder.EclipseLogger - skip non existing resourceDirectory C:\Users\beatr\OneDrive\햞ea de Trabalho\MV\PROJETOMV\src\main\resources
2021-05-02 17:19:37,815 [Worker-77: Building workspace] INFO  o.e.m.c.i.embedder.EclipseLogger - Using 'UTF-8' encoding to copy filtered resources.
2021-05-02 17:19:37,815 [Worker-77: Building workspace] INFO  o.e.m.c.i.embedder.EclipseLogger - skip non existing resourceDirectory C:\Users\beatr\OneDrive\햞ea de Trabalho\MV\PROJETOMV\src\test\resources
2021-05-02 17:24:13,882 [Worker-80: Building workspace] INFO  o.e.m.c.i.embedder.EclipseLogger - Using 'UTF-8' encoding to copy filtered resources.
2021-05-02 17:24:13,882 [Worker-80: Building workspace] INFO  o.e.m.c.i.embedder.EclipseLogger - skip non existing resourceDirectory C:\Users\beatr\OneDrive\햞ea de Trabalho\MV\PROJETOMV\src\main\resources
2021-05-02 17:24:13,884 [Worker-80: Building workspace] INFO  o.e.m.c.i.embedder.EclipseLogger - Using 'UTF-8' encoding to copy filtered resources.
2021-05-02 17:24:13,885 [Worker-80: Building workspace] INFO  o.e.m.c.i.embedder.EclipseLogger - skip non existing resourceDirectory C:\Users\beatr\OneDrive\햞ea de Trabalho\MV\PROJETOMV\src\test\resources
2021-05-02 17:28:32,925 [Worker-83: Building workspace] INFO  o.e.m.c.i.embedder.EclipseLogger - Using 'UTF-8' encoding to copy filtered resources.
2021-05-02 17:28:32,925 [Worker-83: Building workspace] INFO  o.e.m.c.i.embedder.EclipseLogger - skip non existing resourceDirectory C:\Users\beatr\OneDrive\햞ea de Trabalho\MV\PROJETOMV\src\main\resources
2021-05-02 17:28:32,926 [Worker-83: Building workspace] INFO  o.e.m.c.i.embedder.EclipseLogger - Using 'UTF-8' encoding to copy filtered resources.
2021-05-02 17:28:32,927 [Worker-83: Building workspace] INFO  o.e.m.c.i.embedder.EclipseLogger - skip non existing resourceDirectory C:\Users\beatr\OneDrive\햞ea de Trabalho\MV\PROJETOMV\src\test\resources
2021-05-02 17:35:01,026 [Worker-84: Building workspace] INFO  o.e.m.c.i.embedder.EclipseLogger - Using 'UTF-8' encoding to copy filtered resources.
2021-05-02 17:35:01,026 [Worker-84: Building workspace] INFO  o.e.m.c.i.embedder.EclipseLogger - skip non existing resourceDirectory C:\Users\beatr\OneDrive\햞ea de Trabalho\MV\PROJETOMV\src\main\resources
2021-05-02 17:35:01,027 [Worker-84: Building workspace] INFO  o.e.m.c.i.embedder.EclipseLogger - Using 'UTF-8' encoding to copy filtered resources.
2021-05-02 17:35:01,028 [Worker-84: Building workspace] INFO  o.e.m.c.i.embedder.EclipseLogger - skip non existing resourceDirectory C:\Users\beatr\OneDrive\햞ea de Trabalho\MV\PROJETOMV\src\test\resources
2021-05-02 17:35:06,373 [Worker-85: Building workspace] INFO  o.e.m.c.i.embedder.EclipseLogger - Using 'UTF-8' encoding to copy filtered resources.
2021-05-02 17:35:06,374 [Worker-85: Building workspace] INFO  o.e.m.c.i.embedder.EclipseLogger - skip non existing resourceDirectory C:\Users\beatr\OneDrive\햞ea de Trabalho\MV\PROJETOMV\src\main\resources
2021-05-02 17:35:06,375 [Worker-85: Building workspace] INFO  o.e.m.c.i.embedder.EclipseLogger - Using 'UTF-8' encoding to copy filtered resources.
2021-05-02 17:35:06,375 [Worker-85: Building workspace] INFO  o.e.m.c.i.embedder.EclipseLogger - skip non existing resourceDirectory C:\Users\beatr\OneDrive\햞ea de Trabalho\MV\PROJETOMV\src\test\resources
2021-05-02 17:41:16,463 [Worker-78: Building workspace] INFO  o.e.m.c.i.embedder.EclipseLogger - Using 'UTF-8' encoding to copy filtered resources.
2021-05-02 17:41:16,464 [Worker-78: Building workspace] INFO  o.e.m.c.i.embedder.EclipseLogger - skip non existing resourceDirectory C:\Users\beatr\OneDrive\햞ea de Trabalho\MV\PROJETOMV\src\main\resources
2021-05-02 17:41:16,465 [Worker-78: Building workspace] INFO  o.e.m.c.i.embedder.EclipseLogger - Using 'UTF-8' encoding to copy filtered resources.
2021-05-02 17:41:16,466 [Worker-78: Building workspace] INFO  o.e.m.c.i.embedder.EclipseLogger - skip non existing resourceDirectory C:\Users\beatr\OneDrive\햞ea de Trabalho\MV\PROJETOMV\src\test\resources
2021-05-02 17:41:48,384 [Worker-85: Building workspace] INFO  o.e.m.c.i.embedder.EclipseLogger - Using 'UTF-8' encoding to copy filtered resources.
2021-05-02 17:41:48,385 [Worker-85: Building workspace] INFO  o.e.m.c.i.embedder.EclipseLogger - skip non existing resourceDirectory C:\Users\beatr\OneDrive\햞ea de Trabalho\MV\PROJETOMV\src\main\resources
2021-05-02 17:41:48,385 [Worker-85: Building workspace] INFO  o.e.m.c.i.embedder.EclipseLogger - Using 'UTF-8' encoding to copy filtered resources.
2021-05-02 17:41:48,386 [Worker-85: Building workspace] INFO  o.e.m.c.i.embedder.EclipseLogger - skip non existing resourceDirectory C:\Users\beatr\OneDrive\햞ea de Trabalho\MV\PROJETOMV\src\test\resources
2021-05-02 17:42:03,143 [Worker-85: Launching App] INFO  o.e.m.c.i.embedder.EclipseLogger - Using 'UTF-8' encoding to copy filtered resources.
2021-05-02 17:42:03,144 [Worker-85: Launching App] INFO  o.e.m.c.i.embedder.EclipseLogger - skip non existing resourceDirectory C:\Users\beatr\OneDrive\햞ea de Trabalho\MV\PROJETOMV\src\main\resources
2021-05-02 17:42:03,146 [Worker-85: Launching App] INFO  o.e.m.c.i.embedder.EclipseLogger - Using 'UTF-8' encoding to copy filtered resources.
2021-05-02 17:42:03,146 [Worker-85: Launching App] INFO  o.e.m.c.i.embedder.EclipseLogger - skip non existing resourceDirectory C:\Users\beatr\OneDrive\햞ea de Trabalho\MV\PROJETOMV\src\test\resources
2021-05-02 17:43:52,650 [Worker-85: Building workspace] INFO  o.e.m.c.i.embedder.EclipseLogger - Using 'UTF-8' encoding to copy filtered resources.
2021-05-02 17:43:52,651 [Worker-85: Building workspace] INFO  o.e.m.c.i.embedder.EclipseLogger - skip non existing resourceDirectory C:\Users\beatr\OneDrive\햞ea de Trabalho\MV\PROJETOMV\src\main\resources
2021-05-02 17:43:52,652 [Worker-85: Building workspace] INFO  o.e.m.c.i.embedder.EclipseLogger - Using 'UTF-8' encoding to copy filtered resources.
2021-05-02 17:43:52,652 [Worker-85: Building workspace] INFO  o.e.m.c.i.embedder.EclipseLogger - skip non existing resourceDirectory C:\Users\beatr\OneDrive\햞ea de Trabalho\MV\PROJETOMV\src\test\resources
2021-05-02 17:47:17,952 [Worker-78: Building workspace] INFO  o.e.m.c.i.embedder.EclipseLogger - Using 'UTF-8' encoding to copy filtered resources.
2021-05-02 17:47:17,953 [Worker-78: Building workspace] INFO  o.e.m.c.i.embedder.EclipseLogger - skip non existing resourceDirectory C:\Users\beatr\OneDrive\햞ea de Trabalho\MV\PROJETOMV\src\main\resources
2021-05-02 17:47:17,954 [Worker-78: Building workspace] INFO  o.e.m.c.i.embedder.EclipseLogger - Using 'UTF-8' encoding to copy filtered resources.
2021-05-02 17:47:17,954 [Worker-78: Building workspace] INFO  o.e.m.c.i.embedder.EclipseLogger - skip non existing resourceDirectory C:\Users\beatr\OneDrive\햞ea de Trabalho\MV\PROJETOMV\src\test\resources
2021-05-02 17:48:30,401 [Worker-90: Building workspace] INFO  o.e.m.c.i.embedder.EclipseLogger - Using 'UTF-8' encoding to copy filtered resources.
2021-05-02 17:48:30,401 [Worker-90: Building workspace] INFO  o.e.m.c.i.embedder.EclipseLogger - skip non existing resourceDirectory C:\Users\beatr\OneDrive\햞ea de Trabalho\MV\PROJETOMV\src\main\resources
2021-05-02 17:48:30,402 [Worker-90: Building workspace] INFO  o.e.m.c.i.embedder.EclipseLogger - Using 'UTF-8' encoding to copy filtered resources.
2021-05-02 17:48:30,403 [Worker-90: Building workspace] INFO  o.e.m.c.i.embedder.EclipseLogger - skip non existing resourceDirectory C:\Users\beatr\OneDrive\햞ea de Trabalho\MV\PROJETOMV\src\test\resources
2021-05-02 17:54:30,845 [Worker-78: Building workspace] INFO  o.e.m.c.i.embedder.EclipseLogger - Using 'UTF-8' encoding to copy filtered resources.
2021-05-02 17:54:30,845 [Worker-78: Building workspace] INFO  o.e.m.c.i.embedder.EclipseLogger - skip non existing resourceDirectory C:\Users\beatr\OneDrive\햞ea de Trabalho\MV\PROJETOMV\src\main\resources
2021-05-02 17:54:30,846 [Worker-78: Building workspace] INFO  o.e.m.c.i.embedder.EclipseLogger - Using 'UTF-8' encoding to copy filtered resources.
2021-05-02 17:54:30,847 [Worker-78: Building workspace] INFO  o.e.m.c.i.embedder.EclipseLogger - skip non existing resourceDirectory C:\Users\beatr\OneDrive\햞ea de Trabalho\MV\PROJETOMV\src\test\resources
2021-05-02 17:55:18,093 [Worker-94: Building workspace] INFO  o.e.m.c.i.embedder.EclipseLogger - Using 'UTF-8' encoding to copy filtered resources.
2021-05-02 17:55:18,093 [Worker-94: Building workspace] INFO  o.e.m.c.i.embedder.EclipseLogger - skip non existing resourceDirectory C:\Users\beatr\OneDrive\햞ea de Trabalho\MV\PROJETOMV\src\main\resources
2021-05-02 17:55:18,094 [Worker-94: Building workspace] INFO  o.e.m.c.i.embedder.EclipseLogger - Using 'UTF-8' encoding to copy filtered resources.
2021-05-02 17:55:18,095 [Worker-94: Building workspace] INFO  o.e.m.c.i.embedder.EclipseLogger - skip non existing resourceDirectory C:\Users\beatr\OneDrive\햞ea de Trabalho\MV\PROJETOMV\src\test\resources
2021-05-02 17:55:46,747 [Worker-89: Building workspace] INFO  o.e.m.c.i.embedder.EclipseLogger - Using 'UTF-8' encoding to copy filtered resources.
2021-05-02 17:55:46,748 [Worker-89: Building workspace] INFO  o.e.m.c.i.embedder.EclipseLogger - skip non existing resourceDirectory C:\Users\beatr\OneDrive\햞ea de Trabalho\MV\PROJETOMV\src\main\resources
2021-05-02 17:55:46,749 [Worker-89: Building workspace] INFO  o.e.m.c.i.embedder.EclipseLogger - Using 'UTF-8' encoding to copy filtered resources.
2021-05-02 17:55:46,750 [Worker-89: Building workspace] INFO  o.e.m.c.i.embedder.EclipseLogger - skip non existing resourceDirectory C:\Users\beatr\OneDrive\햞ea de Trabalho\MV\PROJETOMV\src\test\resources
2021-05-02 17:56:16,080 [Worker-78: Building workspace] INFO  o.e.m.c.i.embedder.EclipseLogger - Using 'UTF-8' encoding to copy filtered resources.
2021-05-02 17:56:16,080 [Worker-78: Building workspace] INFO  o.e.m.c.i.embedder.EclipseLogger - skip non existing resourceDirectory C:\Users\beatr\OneDrive\햞ea de Trabalho\MV\PROJETOMV\src\main\resources
2021-05-02 17:56:16,081 [Worker-78: Building workspace] INFO  o.e.m.c.i.embedder.EclipseLogger - Using 'UTF-8' encoding to copy filtered resources.
2021-05-02 17:56:16,081 [Worker-78: Building workspace] INFO  o.e.m.c.i.embedder.EclipseLogger - skip non existing resourceDirectory C:\Users\beatr\OneDrive\햞ea de Trabalho\MV\PROJETOMV\src\test\resources
2021-05-02 17:57:15,161 [Worker-78: Building workspace] INFO  o.e.m.c.i.embedder.EclipseLogger - Using 'UTF-8' encoding to copy filtered resources.
2021-05-02 17:57:15,162 [Worker-78: Building workspace] INFO  o.e.m.c.i.embedder.EclipseLogger - skip non existing resourceDirectory C:\Users\beatr\OneDrive\햞ea de Trabalho\MV\PROJETOMV\src\main\resources
2021-05-02 17:57:15,163 [Worker-78: Building workspace] INFO  o.e.m.c.i.embedder.EclipseLogger - Using 'UTF-8' encoding to copy filtered resources.
2021-05-02 17:57:15,164 [Worker-78: Building workspace] INFO  o.e.m.c.i.embedder.EclipseLogger - skip non existing resourceDirectory C:\Users\beatr\OneDrive\햞ea de Trabalho\MV\PROJETOMV\src\test\resources
2021-05-02 17:57:22,640 [Worker-95: Building workspace] INFO  o.e.m.c.i.embedder.EclipseLogger - Using 'UTF-8' encoding to copy filtered resources.
2021-05-02 17:57:22,640 [Worker-95: Building workspace] INFO  o.e.m.c.i.embedder.EclipseLogger - skip non existing resourceDirectory C:\Users\beatr\OneDrive\햞ea de Trabalho\MV\PROJETOMV\src\main\resources
2021-05-02 17:57:22,641 [Worker-95: Building workspace] INFO  o.e.m.c.i.embedder.EclipseLogger - Using 'UTF-8' encoding to copy filtered resources.
2021-05-02 17:57:22,641 [Worker-95: Building workspace] INFO  o.e.m.c.i.embedder.EclipseLogger - skip non existing resourceDirectory C:\Users\beatr\OneDrive\햞ea de Trabalho\MV\PROJETOMV\src\test\resources
2021-05-02 17:57:28,014 [Worker-93: Building workspace] INFO  o.e.m.c.i.embedder.EclipseLogger - Using 'UTF-8' encoding to copy filtered resources.
2021-05-02 17:57:28,015 [Worker-93: Building workspace] INFO  o.e.m.c.i.embedder.EclipseLogger - skip non existing resourceDirectory C:\Users\beatr\OneDrive\햞ea de Trabalho\MV\PROJETOMV\src\main\resources
2021-05-02 17:57:28,016 [Worker-93: Building workspace] INFO  o.e.m.c.i.embedder.EclipseLogger - Using 'UTF-8' encoding to copy filtered resources.
2021-05-02 17:57:28,016 [Worker-93: Building workspace] INFO  o.e.m.c.i.embedder.EclipseLogger - skip non existing resourceDirectory C:\Users\beatr\OneDrive\햞ea de Trabalho\MV\PROJETOMV\src\test\resources
2021-05-02 18:00:04,167 [Worker-95: Building workspace] INFO  o.e.m.c.i.embedder.EclipseLogger - Using 'UTF-8' encoding to copy filtered resources.
2021-05-02 18:00:04,167 [Worker-95: Building workspace] INFO  o.e.m.c.i.embedder.EclipseLogger - skip non existing resourceDirectory C:\Users\beatr\OneDrive\햞ea de Trabalho\MV\PROJETOMV\src\main\resources
2021-05-02 18:00:04,168 [Worker-95: Building workspace] INFO  o.e.m.c.i.embedder.EclipseLogger - Using 'UTF-8' encoding to copy filtered resources.
2021-05-02 18:00:04,168 [Worker-95: Building workspace] INFO  o.e.m.c.i.embedder.EclipseLogger - skip non existing resourceDirectory C:\Users\beatr\OneDrive\햞ea de Trabalho\MV\PROJETOMV\src\test\resources
2021-05-02 18:00:10,531 [Worker-96: Launching App] INFO  o.e.m.c.i.embedder.EclipseLogger - Using 'UTF-8' encoding to copy filtered resources.
2021-05-02 18:00:10,531 [Worker-96: Launching App] INFO  o.e.m.c.i.embedder.EclipseLogger - skip non existing resourceDirectory C:\Users\beatr\OneDrive\햞ea de Trabalho\MV\PROJETOMV\src\main\resources
2021-05-02 18:00:10,533 [Worker-96: Launching App] INFO  o.e.m.c.i.embedder.EclipseLogger - Using 'UTF-8' encoding to copy filtered resources.
2021-05-02 18:00:10,534 [Worker-96: Launching App] INFO  o.e.m.c.i.embedder.EclipseLogger - skip non existing resourceDirectory C:\Users\beatr\OneDrive\햞ea de Trabalho\MV\PROJETOMV\src\test\resources
2021-05-02 18:00:27,515 [Worker-95: Launching App] INFO  o.e.m.c.i.embedder.EclipseLogger - Using 'UTF-8' encoding to copy filtered resources.
2021-05-02 18:00:27,515 [Worker-95: Launching App] INFO  o.e.m.c.i.embedder.EclipseLogger - skip non existing resourceDirectory C:\Users\beatr\OneDrive\햞ea de Trabalho\MV\PROJETOMV\src\main\resources
2021-05-02 18:00:27,516 [Worker-95: Launching App] INFO  o.e.m.c.i.embedder.EclipseLogger - Using 'UTF-8' encoding to copy filtered resources.
2021-05-02 18:00:27,517 [Worker-95: Launching App] INFO  o.e.m.c.i.embedder.EclipseLogger - skip non existing resourceDirectory C:\Users\beatr\OneDrive\햞ea de Trabalho\MV\PROJETOMV\src\test\resources
2021-05-02 18:11:28,654 [Worker-103: Building workspace] INFO  o.e.m.c.i.embedder.EclipseLogger - Using 'UTF-8' encoding to copy filtered resources.
2021-05-02 18:11:28,654 [Worker-103: Building workspace] INFO  o.e.m.c.i.embedder.EclipseLogger - skip non existing resourceDirectory C:\Users\beatr\OneDrive\햞ea de Trabalho\MV\PROJETOMV\src\main\resources
2021-05-02 18:11:28,655 [Worker-103: Building workspace] INFO  o.e.m.c.i.embedder.EclipseLogger - Using 'UTF-8' encoding to copy filtered resources.
2021-05-02 18:11:28,655 [Worker-103: Building workspace] INFO  o.e.m.c.i.embedder.EclipseLogger - skip non existing resourceDirectory C:\Users\beatr\OneDrive\햞ea de Trabalho\MV\PROJETOMV\src\test\resources
2021-05-02 18:11:33,723 [Worker-103: Building workspace] INFO  o.e.m.c.i.embedder.EclipseLogger - Using 'UTF-8' encoding to copy filtered resources.
2021-05-02 18:11:33,723 [Worker-103: Building workspace] INFO  o.e.m.c.i.embedder.EclipseLogger - skip non existing resourceDirectory C:\Users\beatr\OneDrive\햞ea de Trabalho\MV\PROJETOMV\src\main\resources
2021-05-02 18:11:33,723 [Worker-103: Building workspace] INFO  o.e.m.c.i.embedder.EclipseLogger - Using 'UTF-8' encoding to copy filtered resources.
2021-05-02 18:11:33,723 [Worker-103: Building workspace] INFO  o.e.m.c.i.embedder.EclipseLogger - skip non existing resourceDirectory C:\Users\beatr\OneDrive\햞ea de Trabalho\MV\PROJETOMV\src\test\resources
2021-05-02 18:22:19,663 [Worker-114: Building workspace] INFO  o.e.m.c.i.embedder.EclipseLogger - Using 'UTF-8' encoding to copy filtered resources.
2021-05-02 18:22:19,663 [Worker-114: Building workspace] INFO  o.e.m.c.i.embedder.EclipseLogger - skip non existing resourceDirectory C:\Users\beatr\OneDrive\햞ea de Trabalho\MV\PROJETOMV\src\main\resources
2021-05-02 18:22:19,664 [Worker-114: Building workspace] INFO  o.e.m.c.i.embedder.EclipseLogger - Using 'UTF-8' encoding to copy filtered resources.
2021-05-02 18:22:19,664 [Worker-114: Building workspace] INFO  o.e.m.c.i.embedder.EclipseLogger - skip non existing resourceDirectory C:\Users\beatr\OneDrive\햞ea de Trabalho\MV\PROJETOMV\src\test\resources
2021-05-02 18:22:33,728 [Worker-108: Building workspace] INFO  o.e.m.c.i.embedder.EclipseLogger - Using 'UTF-8' encoding to copy filtered resources.
2021-05-02 18:22:33,728 [Worker-108: Building workspace] INFO  o.e.m.c.i.embedder.EclipseLogger - skip non existing resourceDirectory C:\Users\beatr\OneDrive\햞ea de Trabalho\MV\PROJETOMV\src\main\resources
2021-05-02 18:22:33,729 [Worker-108: Building workspace] INFO  o.e.m.c.i.embedder.EclipseLogger - Using 'UTF-8' encoding to copy filtered resources.
2021-05-02 18:22:33,729 [Worker-108: Building workspace] INFO  o.e.m.c.i.embedder.EclipseLogger - skip non existing resourceDirectory C:\Users\beatr\OneDrive\햞ea de Trabalho\MV\PROJETOMV\src\test\resources
2021-05-02 18:22:57,118 [Worker-115: Launching TesteConexao] INFO  o.e.m.c.i.embedder.EclipseLogger - Using 'UTF-8' encoding to copy filtered resources.
2021-05-02 18:22:57,119 [Worker-115: Launching TesteConexao] INFO  o.e.m.c.i.embedder.EclipseLogger - skip non existing resourceDirectory C:\Users\beatr\OneDrive\햞ea de Trabalho\MV\PROJETOMV\src\main\resources
2021-05-02 18:22:57,121 [Worker-115: Launching TesteConexao] INFO  o.e.m.c.i.embedder.EclipseLogger - Using 'UTF-8' encoding to copy filtered resources.
2021-05-02 18:22:57,121 [Worker-115: Launching TesteConexao] INFO  o.e.m.c.i.embedder.EclipseLogger - skip non existing resourceDirectory C:\Users\beatr\OneDrive\햞ea de Trabalho\MV\PROJETOMV\src\test\resources
2021-05-02 18:23:41,255 [Worker-115: Building workspace] INFO  o.e.m.c.i.embedder.EclipseLogger - Using 'UTF-8' encoding to copy filtered resources.
2021-05-02 18:23:41,256 [Worker-115: Building workspace] INFO  o.e.m.c.i.embedder.EclipseLogger - skip non existing resourceDirectory C:\Users\beatr\OneDrive\햞ea de Trabalho\MV\PROJETOMV\src\main\resources
2021-05-02 18:23:41,257 [Worker-115: Building workspace] INFO  o.e.m.c.i.embedder.EclipseLogger - Using 'UTF-8' encoding to copy filtered resources.
2021-05-02 18:23:41,257 [Worker-115: Building workspace] INFO  o.e.m.c.i.embedder.EclipseLogger - skip non existing resourceDirectory C:\Users\beatr\OneDrive\햞ea de Trabalho\MV\PROJETOMV\src\test\resources
2021-05-02 18:32:35,460 [Worker-119: Building workspace] INFO  o.e.m.c.i.embedder.EclipseLogger - Using 'UTF-8' encoding to copy filtered resources.
2021-05-02 18:32:35,461 [Worker-119: Building workspace] INFO  o.e.m.c.i.embedder.EclipseLogger - skip non existing resourceDirectory C:\Users\beatr\OneDrive\햞ea de Trabalho\MV\PROJETOMV\src\main\resources
2021-05-02 18:32:35,462 [Worker-119: Building workspace] INFO  o.e.m.c.i.embedder.EclipseLogger - Using 'UTF-8' encoding to copy filtered resources.
2021-05-02 18:32:35,463 [Worker-119: Building workspace] INFO  o.e.m.c.i.embedder.EclipseLogger - skip non existing resourceDirectory C:\Users\beatr\OneDrive\햞ea de Trabalho\MV\PROJETOMV\src\test\resources
2021-05-02 18:36:39,633 [Worker-116: Building workspace] INFO  o.e.m.c.i.embedder.EclipseLogger - Using 'UTF-8' encoding to copy filtered resources.
2021-05-02 18:36:39,634 [Worker-116: Building workspace] INFO  o.e.m.c.i.embedder.EclipseLogger - skip non existing resourceDirectory C:\Users\beatr\OneDrive\햞ea de Trabalho\MV\PROJETOMV\src\main\resources
2021-05-02 18:36:39,635 [Worker-116: Building workspace] INFO  o.e.m.c.i.embedder.EclipseLogger - Using 'UTF-8' encoding to copy filtered resources.
2021-05-02 18:36:39,635 [Worker-116: Building workspace] INFO  o.e.m.c.i.embedder.EclipseLogger - skip non existing resourceDirectory C:\Users\beatr\OneDrive\햞ea de Trabalho\MV\PROJETOMV\src\test\resources
2021-05-02 18:36:45,646 [Worker-119: Building workspace] INFO  o.e.m.c.i.embedder.EclipseLogger - Using 'UTF-8' encoding to copy filtered resources.
2021-05-02 18:36:45,647 [Worker-119: Building workspace] INFO  o.e.m.c.i.embedder.EclipseLogger - skip non existing resourceDirectory C:\Users\beatr\OneDrive\햞ea de Trabalho\MV\PROJETOMV\src\main\resources
2021-05-02 18:36:45,648 [Worker-119: Building workspace] INFO  o.e.m.c.i.embedder.EclipseLogger - Using 'UTF-8' encoding to copy filtered resources.
2021-05-02 18:36:45,648 [Worker-119: Building workspace] INFO  o.e.m.c.i.embedder.EclipseLogger - skip non existing resourceDirectory C:\Users\beatr\OneDrive\햞ea de Trabalho\MV\PROJETOMV\src\test\resources
2021-05-02 18:36:55,709 [Worker-125: Building workspace] INFO  o.e.m.c.i.embedder.EclipseLogger - Using 'UTF-8' encoding to copy filtered resources.
2021-05-02 18:36:55,710 [Worker-125: Building workspace] INFO  o.e.m.c.i.embedder.EclipseLogger - skip non existing resourceDirectory C:\Users\beatr\OneDrive\햞ea de Trabalho\MV\PROJETOMV\src\main\resources
2021-05-02 18:36:55,711 [Worker-125: Building workspace] INFO  o.e.m.c.i.embedder.EclipseLogger - Using 'UTF-8' encoding to copy filtered resources.
2021-05-02 18:36:55,711 [Worker-125: Building workspace] INFO  o.e.m.c.i.embedder.EclipseLogger - skip non existing resourceDirectory C:\Users\beatr\OneDrive\햞ea de Trabalho\MV\PROJETOMV\src\test\resources
2021-05-02 18:37:00,467 [Worker-124: Building workspace] INFO  o.e.m.c.i.embedder.EclipseLogger - Using 'UTF-8' encoding to copy filtered resources.
2021-05-02 18:37:00,467 [Worker-124: Building workspace] INFO  o.e.m.c.i.embedder.EclipseLogger - skip non existing resourceDirectory C:\Users\beatr\OneDrive\햞ea de Trabalho\MV\PROJETOMV\src\main\resources
2021-05-02 18:37:00,468 [Worker-124: Building workspace] INFO  o.e.m.c.i.embedder.EclipseLogger - Using 'UTF-8' encoding to copy filtered resources.
2021-05-02 18:37:00,468 [Worker-124: Building workspace] INFO  o.e.m.c.i.embedder.EclipseLogger - skip non existing resourceDirectory C:\Users\beatr\OneDrive\햞ea de Trabalho\MV\PROJETOMV\src\test\resources
2021-05-02 18:43:59,824 [Worker-125: Building workspace] INFO  o.e.m.c.i.embedder.EclipseLogger - Using 'UTF-8' encoding to copy filtered resources.
2021-05-02 18:43:59,825 [Worker-125: Building workspace] INFO  o.e.m.c.i.embedder.EclipseLogger - skip non existing resourceDirectory C:\Users\beatr\OneDrive\햞ea de Trabalho\MV\PROJETOMV\src\main\resources
2021-05-02 18:43:59,826 [Worker-125: Building workspace] INFO  o.e.m.c.i.embedder.EclipseLogger - Using 'UTF-8' encoding to copy filtered resources.
2021-05-02 18:43:59,826 [Worker-125: Building workspace] INFO  o.e.m.c.i.embedder.EclipseLogger - skip non existing resourceDirectory C:\Users\beatr\OneDrive\햞ea de Trabalho\MV\PROJETOMV\src\test\resources
2021-05-02 18:45:01,223 [Worker-123: Building workspace] INFO  o.e.m.c.i.embedder.EclipseLogger - Using 'UTF-8' encoding to copy filtered resources.
2021-05-02 18:45:01,224 [Worker-123: Building workspace] INFO  o.e.m.c.i.embedder.EclipseLogger - skip non existing resourceDirectory C:\Users\beatr\OneDrive\햞ea de Trabalho\MV\PROJETOMV\src\main\resources
2021-05-02 18:45:01,225 [Worker-123: Building workspace] INFO  o.e.m.c.i.embedder.EclipseLogger - Using 'UTF-8' encoding to copy filtered resources.
2021-05-02 18:45:01,225 [Worker-123: Building workspace] INFO  o.e.m.c.i.embedder.EclipseLogger - skip non existing resourceDirectory C:\Users\beatr\OneDrive\햞ea de Trabalho\MV\PROJETOMV\src\test\resources
2021-05-02 18:47:48,000 [Worker-125: Building workspace] INFO  o.e.m.c.i.embedder.EclipseLogger - Using 'UTF-8' encoding to copy filtered resources.
2021-05-02 18:47:48,000 [Worker-125: Building workspace] INFO  o.e.m.c.i.embedder.EclipseLogger - skip non existing resourceDirectory C:\Users\beatr\OneDrive\햞ea de Trabalho\MV\PROJETOMV\src\main\resources
2021-05-02 18:47:48,001 [Worker-125: Building workspace] INFO  o.e.m.c.i.embedder.EclipseLogger - Using 'UTF-8' encoding to copy filtered resources.
2021-05-02 18:47:48,002 [Worker-125: Building workspace] INFO  o.e.m.c.i.embedder.EclipseLogger - skip non existing resourceDirectory C:\Users\beatr\OneDrive\햞ea de Trabalho\MV\PROJETOMV\src\test\resources
2021-05-02 18:57:50,412 [Worker-141: Building workspace] INFO  o.e.m.c.i.embedder.EclipseLogger - Using 'UTF-8' encoding to copy filtered resources.
2021-05-02 18:57:50,413 [Worker-141: Building workspace] INFO  o.e.m.c.i.embedder.EclipseLogger - skip non existing resourceDirectory C:\Users\beatr\OneDrive\햞ea de Trabalho\MV\PROJETOMV\src\main\resources
2021-05-02 18:57:50,414 [Worker-141: Building workspace] INFO  o.e.m.c.i.embedder.EclipseLogger - Using 'UTF-8' encoding to copy filtered resources.
2021-05-02 18:57:50,414 [Worker-141: Building workspace] INFO  o.e.m.c.i.embedder.EclipseLogger - skip non existing resourceDirectory C:\Users\beatr\OneDrive\햞ea de Trabalho\MV\PROJETOMV\src\test\resources
2021-05-02 18:59:18,607 [Worker-144: Building workspace] INFO  o.e.m.c.i.embedder.EclipseLogger - Using 'UTF-8' encoding to copy filtered resources.
2021-05-02 18:59:18,608 [Worker-144: Building workspace] INFO  o.e.m.c.i.embedder.EclipseLogger - skip non existing resourceDirectory C:\Users\beatr\OneDrive\햞ea de Trabalho\MV\PROJETOMV\src\main\resources
2021-05-02 18:59:18,609 [Worker-144: Building workspace] INFO  o.e.m.c.i.embedder.EclipseLogger - Using 'UTF-8' encoding to copy filtered resources.
2021-05-02 18:59:18,610 [Worker-144: Building workspace] INFO  o.e.m.c.i.embedder.EclipseLogger - skip non existing resourceDirectory C:\Users\beatr\OneDrive\햞ea de Trabalho\MV\PROJETOMV\src\test\resources
2021-05-02 19:00:49,160 [Worker-142: Building workspace] INFO  o.e.m.c.i.embedder.EclipseLogger - Using 'UTF-8' encoding to copy filtered resources.
2021-05-02 19:00:49,161 [Worker-142: Building workspace] INFO  o.e.m.c.i.embedder.EclipseLogger - skip non existing resourceDirectory C:\Users\beatr\OneDrive\햞ea de Trabalho\MV\PROJETOMV\src\main\resources
2021-05-02 19:00:49,162 [Worker-142: Building workspace] INFO  o.e.m.c.i.embedder.EclipseLogger - Using 'UTF-8' encoding to copy filtered resources.
2021-05-02 19:00:49,162 [Worker-142: Building workspace] INFO  o.e.m.c.i.embedder.EclipseLogger - skip non existing resourceDirectory C:\Users\beatr\OneDrive\햞ea de Trabalho\MV\PROJETOMV\src\test\resources
2021-05-02 19:04:39,586 [Worker-146: Building workspace] INFO  o.e.m.c.i.embedder.EclipseLogger - Using 'UTF-8' encoding to copy filtered resources.
2021-05-02 19:04:39,587 [Worker-146: Building workspace] INFO  o.e.m.c.i.embedder.EclipseLogger - skip non existing resourceDirectory C:\Users\beatr\OneDrive\햞ea de Trabalho\MV\PROJETOMV\src\main\resources
2021-05-02 19:04:39,588 [Worker-146: Building workspace] INFO  o.e.m.c.i.embedder.EclipseLogger - Using 'UTF-8' encoding to copy filtered resources.
2021-05-02 19:04:39,588 [Worker-146: Building workspace] INFO  o.e.m.c.i.embedder.EclipseLogger - skip non existing resourceDirectory C:\Users\beatr\OneDrive\햞ea de Trabalho\MV\PROJETOMV\src\test\resources
2021-05-02 19:05:20,971 [Worker-145: Building workspace] INFO  o.e.m.c.i.embedder.EclipseLogger - Using 'UTF-8' encoding to copy filtered resources.
2021-05-02 19:05:20,972 [Worker-145: Building workspace] INFO  o.e.m.c.i.embedder.EclipseLogger - skip non existing resourceDirectory C:\Users\beatr\OneDrive\햞ea de Trabalho\MV\PROJETOMV\src\main\resources
2021-05-02 19:05:20,973 [Worker-145: Building workspace] INFO  o.e.m.c.i.embedder.EclipseLogger - Using 'UTF-8' encoding to copy filtered resources.
2021-05-02 19:05:20,973 [Worker-145: Building workspace] INFO  o.e.m.c.i.embedder.EclipseLogger - skip non existing resourceDirectory C:\Users\beatr\OneDrive\햞ea de Trabalho\MV\PROJETOMV\src\test\resources
2021-05-02 19:05:48,242 [Worker-146: Launching App] INFO  o.e.m.c.i.embedder.EclipseLogger - Using 'UTF-8' encoding to copy filtered resources.
2021-05-02 19:05:48,242 [Worker-146: Launching App] INFO  o.e.m.c.i.embedder.EclipseLogger - skip non existing resourceDirectory C:\Users\beatr\OneDrive\햞ea de Trabalho\MV\PROJETOMV\src\main\resources
2021-05-02 19:05:48,243 [Worker-146: Launching App] INFO  o.e.m.c.i.embedder.EclipseLogger - Using 'UTF-8' encoding to copy filtered resources.
2021-05-02 19:05:48,244 [Worker-146: Launching App] INFO  o.e.m.c.i.embedder.EclipseLogger - skip non existing resourceDirectory C:\Users\beatr\OneDrive\햞ea de Trabalho\MV\PROJETOMV\src\test\resources
2021-05-02 19:10:06,643 [Worker-7: Loading available Gradle versions] INFO  o.e.b.c.i.u.g.PublishedGradleVersions - Gradle version information cache is up-to-date. Trying to read.
2021-05-02 19:11:58,054 [Worker-7: Building workspace] INFO  o.e.m.c.i.embedder.EclipseLogger - Using 'UTF-8' encoding to copy filtered resources.
2021-05-02 19:11:58,054 [Worker-7: Building workspace] INFO  o.e.m.c.i.embedder.EclipseLogger - skip non existing resourceDirectory C:\Users\beatr\OneDrive\햞ea de Trabalho\MV\PROJETOMV\src\main\resources
2021-05-02 19:11:58,057 [Worker-7: Building workspace] INFO  o.e.m.c.i.embedder.EclipseLogger - Using 'UTF-8' encoding to copy filtered resources.
2021-05-02 19:11:58,058 [Worker-7: Building workspace] INFO  o.e.m.c.i.embedder.EclipseLogger - skip non existing resourceDirectory C:\Users\beatr\OneDrive\햞ea de Trabalho\MV\PROJETOMV\src\test\resources
2021-05-02 19:14:07,612 [Worker-2: Launching Executing install in C__Users_beatr_OneDrive_햞ea de Trabalho_MV_PROJETOMV] INFO  o.e.m.i.launch.MavenLaunchDelegate - C:\Users\beatr\OneDrive\햞ea de Trabalho\MV\PROJETOMV
2021-05-02 19:14:07,615 [Worker-2: Launching Executing install in C__Users_beatr_OneDrive_햞ea de Trabalho_MV_PROJETOMV] INFO  o.e.m.i.launch.MavenLaunchDelegate -  mvn -B install
2021-05-02 19:14:15,114 [Worker-15: Building workspace] INFO  o.e.m.c.i.embedder.EclipseLogger - Using 'UTF-8' encoding to copy filtered resources.
2021-05-02 19:14:15,115 [Worker-15: Building workspace] INFO  o.e.m.c.i.embedder.EclipseLogger - skip non existing resourceDirectory C:\Users\beatr\OneDrive\햞ea de Trabalho\MV\PROJETOMV\src\main\resources
2021-05-02 19:14:15,117 [Worker-15: Building workspace] INFO  o.e.m.c.i.embedder.EclipseLogger - Using 'UTF-8' encoding to copy filtered resources.
2021-05-02 19:14:15,117 [Worker-15: Building workspace] INFO  o.e.m.c.i.embedder.EclipseLogger - skip non existing resourceDirectory C:\Users\beatr\OneDrive\햞ea de Trabalho\MV\PROJETOMV\src\test\resources
2021-05-02 19:14:22,389 [Worker-9: Launching Executing clean in C__Users_beatr_OneDrive_햞ea de Trabalho_MV_PROJETOMV] INFO  o.e.m.i.launch.MavenLaunchDelegate - C:\Users\beatr\OneDrive\햞ea de Trabalho\MV\PROJETOMV
2021-05-02 19:14:22,389 [Worker-9: Launching Executing clean in C__Users_beatr_OneDrive_햞ea de Trabalho_MV_PROJETOMV] INFO  o.e.m.i.launch.MavenLaunchDelegate -  mvn -B clean
2021-05-02 19:14:24,984 [Worker-16: Building workspace] INFO  o.e.m.c.i.embedder.EclipseLogger - Using 'UTF-8' encoding to copy filtered resources.
2021-05-02 19:14:24,984 [Worker-16: Building workspace] INFO  o.e.m.c.i.embedder.EclipseLogger - skip non existing resourceDirectory C:\Users\beatr\OneDrive\햞ea de Trabalho\MV\PROJETOMV\src\main\resources
2021-05-02 19:14:24,987 [Worker-16: Building workspace] INFO  o.e.m.c.i.embedder.EclipseLogger - Using 'UTF-8' encoding to copy filtered resources.
2021-05-02 19:14:24,987 [Worker-16: Building workspace] INFO  o.e.m.c.i.embedder.EclipseLogger - skip non existing resourceDirectory C:\Users\beatr\OneDrive\햞ea de Trabalho\MV\PROJETOMV\src\test\resources
2021-05-02 19:27:50,309 [Worker-9: Launching Jdbc] INFO  o.e.m.c.i.embedder.EclipseLogger - Using 'UTF-8' encoding to copy filtered resources.
2021-05-02 19:27:50,309 [Worker-9: Launching Jdbc] INFO  o.e.m.c.i.embedder.EclipseLogger - skip non existing resourceDirectory C:\Users\beatr\OneDrive\햞ea de Trabalho\MV\PROJETOMV\src\main\resources
2021-05-02 19:27:50,311 [Worker-9: Launching Jdbc] INFO  o.e.m.c.i.embedder.EclipseLogger - Using 'UTF-8' encoding to copy filtered resources.
2021-05-02 19:27:50,311 [Worker-9: Launching Jdbc] INFO  o.e.m.c.i.embedder.EclipseLogger - skip non existing resourceDirectory C:\Users\beatr\OneDrive\햞ea de Trabalho\MV\PROJETOMV\src\test\resources
2021-05-02 19:30:21,109 [Worker-5: Loading available Gradle versions] INFO  o.e.b.c.i.u.g.PublishedGradleVersions - Gradle version information cache is up-to-date. Trying to read.
2021-05-02 19:34:31,000 [Worker-3: Building workspace] INFO  o.e.m.c.i.embedder.EclipseLogger - Using 'UTF-8' encoding to copy filtered resources.
2021-05-02 19:34:31,001 [Worker-3: Building workspace] INFO  o.e.m.c.i.embedder.EclipseLogger - skip non existing resourceDirectory C:\Users\beatr\OneDrive\햞ea de Trabalho\MV\PROJETOMV\src\main\resources
2021-05-02 19:34:31,003 [Worker-3: Building workspace] INFO  o.e.m.c.i.embedder.EclipseLogger - Using 'UTF-8' encoding to copy filtered resources.
2021-05-02 19:34:31,003 [Worker-3: Building workspace] INFO  o.e.m.c.i.embedder.EclipseLogger - skip non existing resourceDirectory C:\Users\beatr\OneDrive\햞ea de Trabalho\MV\PROJETOMV\src\test\resources
2021-05-02 20:30:07,374 [Worker-30: Building workspace] INFO  o.e.m.c.i.embedder.EclipseLogger - Using 'UTF-8' encoding to copy filtered resources.
2021-05-02 20:30:07,375 [Worker-30: Building workspace] INFO  o.e.m.c.i.embedder.EclipseLogger - skip non existing resourceDirectory C:\Users\beatr\OneDrive\햞ea de Trabalho\MV\PROJETOMV\src\main\resources
2021-05-02 20:30:07,377 [Worker-30: Building workspace] INFO  o.e.m.c.i.embedder.EclipseLogger - Using 'UTF-8' encoding to copy filtered resources.
2021-05-02 20:30:07,377 [Worker-30: Building workspace] INFO  o.e.m.c.i.embedder.EclipseLogger - skip non existing resourceDirectory C:\Users\beatr\OneDrive\햞ea de Trabalho\MV\PROJETOMV\src\test\resources
2021-05-02 20:30:30,795 [Worker-29: Building workspace] INFO  o.e.m.c.i.embedder.EclipseLogger - Using 'UTF-8' encoding to copy filtered resources.
2021-05-02 20:30:30,795 [Worker-29: Building workspace] INFO  o.e.m.c.i.embedder.EclipseLogger - skip non existing resourceDirectory C:\Users\beatr\OneDrive\햞ea de Trabalho\MV\PROJETOMV\src\main\resources
2021-05-02 20:30:30,797 [Worker-29: Building workspace] INFO  o.e.m.c.i.embedder.EclipseLogger - Using 'UTF-8' encoding to copy filtered resources.
2021-05-02 20:30:30,797 [Worker-29: Building workspace] INFO  o.e.m.c.i.embedder.EclipseLogger - skip non existing resourceDirectory C:\Users\beatr\OneDrive\햞ea de Trabalho\MV\PROJETOMV\src\test\resources
2021-05-02 20:31:30,284 [Worker-26: Building workspace] INFO  o.e.m.c.i.embedder.EclipseLogger - Using 'UTF-8' encoding to copy filtered resources.
2021-05-02 20:31:30,284 [Worker-26: Building workspace] INFO  o.e.m.c.i.embedder.EclipseLogger - skip non existing resourceDirectory C:\Users\beatr\OneDrive\햞ea de Trabalho\MV\PROJETOMV\src\main\resources
2021-05-02 20:31:30,286 [Worker-26: Building workspace] INFO  o.e.m.c.i.embedder.EclipseLogger - Using 'UTF-8' encoding to copy filtered resources.
2021-05-02 20:31:30,287 [Worker-26: Building workspace] INFO  o.e.m.c.i.embedder.EclipseLogger - skip non existing resourceDirectory C:\Users\beatr\OneDrive\햞ea de Trabalho\MV\PROJETOMV\src\test\resources
2021-05-02 20:33:11,829 [Worker-34: Building workspace] INFO  o.e.m.c.i.embedder.EclipseLogger - Using 'UTF-8' encoding to copy filtered resources.
2021-05-02 20:33:11,830 [Worker-34: Building workspace] INFO  o.e.m.c.i.embedder.EclipseLogger - skip non existing resourceDirectory C:\Users\beatr\OneDrive\햞ea de Trabalho\MV\PROJETOMV\src\main\resources
2021-05-02 20:33:11,831 [Worker-34: Building workspace] INFO  o.e.m.c.i.embedder.EclipseLogger - Using 'UTF-8' encoding to copy filtered resources.
2021-05-02 20:33:11,831 [Worker-34: Building workspace] INFO  o.e.m.c.i.embedder.EclipseLogger - skip non existing resourceDirectory C:\Users\beatr\OneDrive\햞ea de Trabalho\MV\PROJETOMV\src\test\resources
2021-05-02 20:33:16,919 [Worker-33: Building workspace] INFO  o.e.m.c.i.embedder.EclipseLogger - Using 'UTF-8' encoding to copy filtered resources.
2021-05-02 20:33:16,921 [Worker-33: Building workspace] INFO  o.e.m.c.i.embedder.EclipseLogger - skip non existing resourceDirectory C:\Users\beatr\OneDrive\햞ea de Trabalho\MV\PROJETOMV\src\main\resources
2021-05-02 20:33:16,923 [Worker-33: Building workspace] INFO  o.e.m.c.i.embedder.EclipseLogger - Using 'UTF-8' encoding to copy filtered resources.
2021-05-02 20:33:16,923 [Worker-33: Building workspace] INFO  o.e.m.c.i.embedder.EclipseLogger - skip non existing resourceDirectory C:\Users\beatr\OneDrive\햞ea de Trabalho\MV\PROJETOMV\src\test\resources
2021-05-02 20:33:30,450 [Worker-26: Building workspace] INFO  o.e.m.c.i.embedder.EclipseLogger - Using 'UTF-8' encoding to copy filtered resources.
2021-05-02 20:33:30,450 [Worker-26: Building workspace] INFO  o.e.m.c.i.embedder.EclipseLogger - skip non existing resourceDirectory C:\Users\beatr\OneDrive\햞ea de Trabalho\MV\PROJETOMV\src\main\resources
2021-05-02 20:33:30,452 [Worker-26: Building workspace] INFO  o.e.m.c.i.embedder.EclipseLogger - Using 'UTF-8' encoding to copy filtered resources.
2021-05-02 20:33:30,452 [Worker-26: Building workspace] INFO  o.e.m.c.i.embedder.EclipseLogger - skip non existing resourceDirectory C:\Users\beatr\OneDrive\햞ea de Trabalho\MV\PROJETOMV\src\test\resources
2021-05-02 20:35:00,458 [Worker-29: Building workspace] INFO  o.e.m.c.i.embedder.EclipseLogger - Using 'UTF-8' encoding to copy filtered resources.
2021-05-02 20:35:00,459 [Worker-29: Building workspace] INFO  o.e.m.c.i.embedder.EclipseLogger - skip non existing resourceDirectory C:\Users\beatr\OneDrive\햞ea de Trabalho\MV\PROJETOMV\src\main\resources
2021-05-02 20:35:00,460 [Worker-29: Building workspace] INFO  o.e.m.c.i.embedder.EclipseLogger - Using 'UTF-8' encoding to copy filtered resources.
2021-05-02 20:35:00,461 [Worker-29: Building workspace] INFO  o.e.m.c.i.embedder.EclipseLogger - skip non existing resourceDirectory C:\Users\beatr\OneDrive\햞ea de Trabalho\MV\PROJETOMV\src\test\resources
2021-05-02 20:36:37,656 [Worker-29: Building workspace] INFO  o.e.m.c.i.embedder.EclipseLogger - Using 'UTF-8' encoding to copy filtered resources.
2021-05-02 20:36:37,657 [Worker-29: Building workspace] INFO  o.e.m.c.i.embedder.EclipseLogger - skip non existing resourceDirectory C:\Users\beatr\OneDrive\햞ea de Trabalho\MV\PROJETOMV\src\main\resources
2021-05-02 20:36:37,660 [Worker-29: Building workspace] INFO  o.e.m.c.i.embedder.EclipseLogger - Using 'UTF-8' encoding to copy filtered resources.
2021-05-02 20:36:37,661 [Worker-29: Building workspace] INFO  o.e.m.c.i.embedder.EclipseLogger - skip non existing resourceDirectory C:\Users\beatr\OneDrive\햞ea de Trabalho\MV\PROJETOMV\src\test\resources
2021-05-02 20:36:58,110 [Worker-29: Building workspace] INFO  o.e.m.c.i.embedder.EclipseLogger - Using 'UTF-8' encoding to copy filtered resources.
2021-05-02 20:36:58,110 [Worker-29: Building workspace] INFO  o.e.m.c.i.embedder.EclipseLogger - skip non existing resourceDirectory C:\Users\beatr\OneDrive\햞ea de Trabalho\MV\PROJETOMV\src\main\resources
2021-05-02 20:36:58,112 [Worker-29: Building workspace] INFO  o.e.m.c.i.embedder.EclipseLogger - Using 'UTF-8' encoding to copy filtered resources.
2021-05-02 20:36:58,113 [Worker-29: Building workspace] INFO  o.e.m.c.i.embedder.EclipseLogger - skip non existing resourceDirectory C:\Users\beatr\OneDrive\햞ea de Trabalho\MV\PROJETOMV\src\test\resources
2021-05-02 20:38:47,111 [Worker-34: Building workspace] INFO  o.e.m.c.i.embedder.EclipseLogger - Using 'UTF-8' encoding to copy filtered resources.
2021-05-02 20:38:47,112 [Worker-34: Building workspace] INFO  o.e.m.c.i.embedder.EclipseLogger - skip non existing resourceDirectory C:\Users\beatr\OneDrive\햞ea de Trabalho\MV\PROJETOMV\src\main\resources
2021-05-02 20:38:47,113 [Worker-34: Building workspace] INFO  o.e.m.c.i.embedder.EclipseLogger - Using 'UTF-8' encoding to copy filtered resources.
2021-05-02 20:38:47,114 [Worker-34: Building workspace] INFO  o.e.m.c.i.embedder.EclipseLogger - skip non existing resourceDirectory C:\Users\beatr\OneDrive\햞ea de Trabalho\MV\PROJETOMV\src\test\resources
2021-05-02 20:44:56,689 [Worker-26: Building workspace] INFO  o.e.m.c.i.embedder.EclipseLogger - Using 'UTF-8' encoding to copy filtered resources.
2021-05-02 20:44:56,690 [Worker-26: Building workspace] INFO  o.e.m.c.i.embedder.EclipseLogger - skip non existing resourceDirectory C:\Users\beatr\OneDrive\햞ea de Trabalho\MV\PROJETOMV\src\main\resources
2021-05-02 20:44:56,691 [Worker-26: Building workspace] INFO  o.e.m.c.i.embedder.EclipseLogger - Using 'UTF-8' encoding to copy filtered resources.
2021-05-02 20:44:56,692 [Worker-26: Building workspace] INFO  o.e.m.c.i.embedder.EclipseLogger - skip non existing resourceDirectory C:\Users\beatr\OneDrive\햞ea de Trabalho\MV\PROJETOMV\src\test\resources
2021-05-02 20:45:23,266 [Worker-35: Building workspace] INFO  o.e.m.c.i.embedder.EclipseLogger - Using 'UTF-8' encoding to copy filtered resources.
2021-05-02 20:45:23,266 [Worker-35: Building workspace] INFO  o.e.m.c.i.embedder.EclipseLogger - skip non existing resourceDirectory C:\Users\beatr\OneDrive\햞ea de Trabalho\MV\PROJETOMV\src\main\resources
2021-05-02 20:45:23,268 [Worker-35: Building workspace] INFO  o.e.m.c.i.embedder.EclipseLogger - Using 'UTF-8' encoding to copy filtered resources.
2021-05-02 20:45:23,268 [Worker-35: Building workspace] INFO  o.e.m.c.i.embedder.EclipseLogger - skip non existing resourceDirectory C:\Users\beatr\OneDrive\햞ea de Trabalho\MV\PROJETOMV\src\test\resources
2021-05-02 20:45:27,586 [Worker-35: Building workspace] INFO  o.e.m.c.i.embedder.EclipseLogger - Using 'UTF-8' encoding to copy filtered resources.
2021-05-02 20:45:27,586 [Worker-35: Building workspace] INFO  o.e.m.c.i.embedder.EclipseLogger - skip non existing resourceDirectory C:\Users\beatr\OneDrive\햞ea de Trabalho\MV\PROJETOMV\src\main\resources
2021-05-02 20:45:27,587 [Worker-35: Building workspace] INFO  o.e.m.c.i.embedder.EclipseLogger - Using 'UTF-8' encoding to copy filtered resources.
2021-05-02 20:45:27,588 [Worker-35: Building workspace] INFO  o.e.m.c.i.embedder.EclipseLogger - skip non existing resourceDirectory C:\Users\beatr\OneDrive\햞ea de Trabalho\MV\PROJETOMV\src\test\resources
2021-05-02 20:45:34,507 [Worker-36: Building workspace] INFO  o.e.m.c.i.embedder.EclipseLogger - Using 'UTF-8' encoding to copy filtered resources.
2021-05-02 20:45:34,507 [Worker-36: Building workspace] INFO  o.e.m.c.i.embedder.EclipseLogger - skip non existing resourceDirectory C:\Users\beatr\OneDrive\햞ea de Trabalho\MV\PROJETOMV\src\main\resources
2021-05-02 20:45:34,508 [Worker-36: Building workspace] INFO  o.e.m.c.i.embedder.EclipseLogger - Using 'UTF-8' encoding to copy filtered resources.
2021-05-02 20:45:34,509 [Worker-36: Building workspace] INFO  o.e.m.c.i.embedder.EclipseLogger - skip non existing resourceDirectory C:\Users\beatr\OneDrive\햞ea de Trabalho\MV\PROJETOMV\src\test\resources
2021-05-02 20:46:24,162 [Worker-26: Building workspace] INFO  o.e.m.c.i.embedder.EclipseLogger - Using 'UTF-8' encoding to copy filtered resources.
2021-05-02 20:46:24,162 [Worker-26: Building workspace] INFO  o.e.m.c.i.embedder.EclipseLogger - skip non existing resourceDirectory C:\Users\beatr\OneDrive\햞ea de Trabalho\MV\PROJETOMV\src\main\resources
2021-05-02 20:46:24,164 [Worker-26: Building workspace] INFO  o.e.m.c.i.embedder.EclipseLogger - Using 'UTF-8' encoding to copy filtered resources.
2021-05-02 20:46:24,165 [Worker-26: Building workspace] INFO  o.e.m.c.i.embedder.EclipseLogger - skip non existing resourceDirectory C:\Users\beatr\OneDrive\햞ea de Trabalho\MV\PROJETOMV\src\test\resources
2021-05-02 20:46:46,251 [Worker-26: Building workspace] INFO  o.e.m.c.i.embedder.EclipseLogger - Using 'UTF-8' encoding to copy filtered resources.
2021-05-02 20:46:46,252 [Worker-26: Building workspace] INFO  o.e.m.c.i.embedder.EclipseLogger - skip non existing resourceDirectory C:\Users\beatr\OneDrive\햞ea de Trabalho\MV\PROJETOMV\src\main\resources
2021-05-02 20:46:46,254 [Worker-26: Building workspace] INFO  o.e.m.c.i.embedder.EclipseLogger - Using 'UTF-8' encoding to copy filtered resources.
2021-05-02 20:46:46,255 [Worker-26: Building workspace] INFO  o.e.m.c.i.embedder.EclipseLogger - skip non existing resourceDirectory C:\Users\beatr\OneDrive\햞ea de Trabalho\MV\PROJETOMV\src\test\resources
2021-05-02 20:46:54,275 [Worker-36: Building workspace] INFO  o.e.m.c.i.embedder.EclipseLogger - Using 'UTF-8' encoding to copy filtered resources.
2021-05-02 20:46:54,275 [Worker-36: Building workspace] INFO  o.e.m.c.i.embedder.EclipseLogger - skip non existing resourceDirectory C:\Users\beatr\OneDrive\햞ea de Trabalho\MV\PROJETOMV\src\main\resources
2021-05-02 20:46:54,277 [Worker-36: Building workspace] INFO  o.e.m.c.i.embedder.EclipseLogger - Using 'UTF-8' encoding to copy filtered resources.
2021-05-02 20:46:54,277 [Worker-36: Building workspace] INFO  o.e.m.c.i.embedder.EclipseLogger - skip non existing resourceDirectory C:\Users\beatr\OneDrive\햞ea de Trabalho\MV\PROJETOMV\src\test\resources
2021-05-02 20:50:10,775 [Worker-39: Building workspace] INFO  o.e.m.c.i.embedder.EclipseLogger - Using 'UTF-8' encoding to copy filtered resources.
2021-05-02 20:50:10,776 [Worker-39: Building workspace] INFO  o.e.m.c.i.embedder.EclipseLogger - skip non existing resourceDirectory C:\Users\beatr\OneDrive\햞ea de Trabalho\MV\PROJETOMV\src\main\resources
2021-05-02 20:50:10,777 [Worker-39: Building workspace] INFO  o.e.m.c.i.embedder.EclipseLogger - Using 'UTF-8' encoding to copy filtered resources.
2021-05-02 20:50:10,778 [Worker-39: Building workspace] INFO  o.e.m.c.i.embedder.EclipseLogger - skip non existing resourceDirectory C:\Users\beatr\OneDrive\햞ea de Trabalho\MV\PROJETOMV\src\test\resources
2021-05-02 20:52:05,819 [Worker-35: Building workspace] INFO  o.e.m.c.i.embedder.EclipseLogger - Using 'UTF-8' encoding to copy filtered resources.
2021-05-02 20:52:05,819 [Worker-35: Building workspace] INFO  o.e.m.c.i.embedder.EclipseLogger - skip non existing resourceDirectory C:\Users\beatr\OneDrive\햞ea de Trabalho\MV\PROJETOMV\src\main\resources
2021-05-02 20:52:05,821 [Worker-35: Building workspace] INFO  o.e.m.c.i.embedder.EclipseLogger - Using 'UTF-8' encoding to copy filtered resources.
2021-05-02 20:52:05,821 [Worker-35: Building workspace] INFO  o.e.m.c.i.embedder.EclipseLogger - skip non existing resourceDirectory C:\Users\beatr\OneDrive\햞ea de Trabalho\MV\PROJETOMV\src\test\resources
2021-05-02 20:58:46,229 [Worker-42: Building workspace] INFO  o.e.m.c.i.embedder.EclipseLogger - Using 'UTF-8' encoding to copy filtered resources.
2021-05-02 20:58:46,229 [Worker-42: Building workspace] INFO  o.e.m.c.i.embedder.EclipseLogger - skip non existing resourceDirectory C:\Users\beatr\OneDrive\햞ea de Trabalho\MV\PROJETOMV\src\main\resources
2021-05-02 20:58:46,230 [Worker-42: Building workspace] INFO  o.e.m.c.i.embedder.EclipseLogger - Using 'UTF-8' encoding to copy filtered resources.
2021-05-02 20:58:46,230 [Worker-42: Building workspace] INFO  o.e.m.c.i.embedder.EclipseLogger - skip non existing resourceDirectory C:\Users\beatr\OneDrive\햞ea de Trabalho\MV\PROJETOMV\src\test\resources
2021-05-02 21:31:04,510 [Worker-68: Building workspace] INFO  o.e.m.c.i.embedder.EclipseLogger - Using 'UTF-8' encoding to copy filtered resources.
2021-05-02 21:31:04,510 [Worker-68: Building workspace] INFO  o.e.m.c.i.embedder.EclipseLogger - skip non existing resourceDirectory C:\Users\beatr\OneDrive\햞ea de Trabalho\MV\PROJETOMV\src\main\resources
2021-05-02 21:31:04,511 [Worker-68: Building workspace] INFO  o.e.m.c.i.embedder.EclipseLogger - Using 'UTF-8' encoding to copy filtered resources.
2021-05-02 21:31:04,512 [Worker-68: Building workspace] INFO  o.e.m.c.i.embedder.EclipseLogger - skip non existing resourceDirectory C:\Users\beatr\OneDrive\햞ea de Trabalho\MV\PROJETOMV\src\test\resources
2021-05-02 21:31:37,072 [Worker-70: Launching Executing clean in C__Users_beatr_OneDrive_햞ea de Trabalho_MV_PROJETOMV] INFO  o.e.m.i.launch.MavenLaunchDelegate - C:\Users\beatr\OneDrive\햞ea de Trabalho\MV\PROJETOMV
2021-05-02 21:31:37,073 [Worker-70: Launching Executing clean in C__Users_beatr_OneDrive_햞ea de Trabalho_MV_PROJETOMV] INFO  o.e.m.i.launch.MavenLaunchDelegate -  mvn -B clean
2021-05-02 21:31:39,590 [Worker-70: Building workspace] INFO  o.e.m.c.i.embedder.EclipseLogger - Using 'UTF-8' encoding to copy filtered resources.
2021-05-02 21:31:39,591 [Worker-70: Building workspace] INFO  o.e.m.c.i.embedder.EclipseLogger - skip non existing resourceDirectory C:\Users\beatr\OneDrive\햞ea de Trabalho\MV\PROJETOMV\src\main\resources
2021-05-02 21:31:39,592 [Worker-70: Building workspace] INFO  o.e.m.c.i.embedder.EclipseLogger - Using 'UTF-8' encoding to copy filtered resources.
2021-05-02 21:31:39,593 [Worker-70: Building workspace] INFO  o.e.m.c.i.embedder.EclipseLogger - skip non existing resourceDirectory C:\Users\beatr\OneDrive\햞ea de Trabalho\MV\PROJETOMV\src\test\resources
2021-05-02 21:31:52,834 [Worker-72: Launching Executing install in C__Users_beatr_OneDrive_햞ea de Trabalho_MV_PROJETOMV] INFO  o.e.m.i.launch.MavenLaunchDelegate - C:\Users\beatr\OneDrive\햞ea de Trabalho\MV\PROJETOMV
2021-05-02 21:31:52,835 [Worker-72: Launching Executing install in C__Users_beatr_OneDrive_햞ea de Trabalho_MV_PROJETOMV] INFO  o.e.m.i.launch.MavenLaunchDelegate -  mvn -B install
2021-05-02 21:31:59,654 [Worker-72: Building workspace] INFO  o.e.m.c.i.embedder.EclipseLogger - Using 'UTF-8' encoding to copy filtered resources.
2021-05-02 21:31:59,654 [Worker-72: Building workspace] INFO  o.e.m.c.i.embedder.EclipseLogger - skip non existing resourceDirectory C:\Users\beatr\OneDrive\햞ea de Trabalho\MV\PROJETOMV\src\main\resources
